{"/Users/gil/Documents/email-cleander/email-cleaner-fastify/src/services/actionExecutor.js": {"path":"/Users/gil/Documents/email-cleander/email-cleaner-fastify/src/services/actionExecutor.js","statementMap":{"0":{"start":{"line":5,"column":4},"end":{"line":5,"column":59}}},"fnMap":{"0":{"name":"executeGmailAction","decl":{"start":{"line":2,"column":22},"end":{"line":2,"column":40}},"loc":{"start":{"line":2,"column":50},"end":{"line":6,"column":1}},"line":2}},"branchMap":{},"s":{"0":1},"f":{"0":1},"b":{},"inputSourceMap":null,"_coverageSchema":"1a1c01bbd47fc00a2c39e90264f33305004495a9","hash":"ff8a3f90f42b84f34375eadca1f5996f9af37aa5"}
,"/Users/gil/Documents/email-cleander/email-cleaner-fastify/src/services/actionHistoryService.js": {"path":"/Users/gil/Documents/email-cleander/email-cleaner-fastify/src/services/actionHistoryService.js","statementMap":{"0":{"start":{"line":1,"column":36},"end":{"line":23,"column":2}},"1":{"start":{"line":1,"column":49},"end":{"line":23,"column":1}},"2":{"start":{"line":3,"column":4},"end":{"line":3,"column":51}},"3":{"start":{"line":7,"column":19},"end":{"line":7,"column":39}},"4":{"start":{"line":9,"column":28},"end":{"line":14,"column":6}},"5":{"start":{"line":16,"column":4},"end":{"line":21,"column":6}}},"fnMap":{"0":{"name":"(anonymous_0)","decl":{"start":{"line":1,"column":36},"end":{"line":1,"column":37}},"loc":{"start":{"line":1,"column":49},"end":{"line":23,"column":1}},"line":1},"1":{"name":"(anonymous_1)","decl":{"start":{"line":2,"column":2},"end":{"line":2,"column":3}},"loc":{"start":{"line":2,"column":28},"end":{"line":4,"column":3}},"line":2},"2":{"name":"(anonymous_2)","decl":{"start":{"line":6,"column":2},"end":{"line":6,"column":3}},"loc":{"start":{"line":6,"column":55},"end":{"line":22,"column":3}},"line":6}},"branchMap":{"0":{"loc":{"start":{"line":6,"column":29},"end":{"line":6,"column":37}},"type":"default-arg","locations":[{"start":{"line":6,"column":36},"end":{"line":6,"column":37}}],"line":6},"1":{"loc":{"start":{"line":6,"column":39},"end":{"line":6,"column":51}},"type":"default-arg","locations":[{"start":{"line":6,"column":49},"end":{"line":6,"column":51}}],"line":6}},"s":{"0":1,"1":1,"2":1,"3":0,"4":0,"5":0},"f":{"0":1,"1":1,"2":0},"b":{"0":[0],"1":[0]},"inputSourceMap":null,"_coverageSchema":"1a1c01bbd47fc00a2c39e90264f33305004495a9","hash":"d8bc1483b33557f64c916930671e0f1ec489f95f"}
,"/Users/gil/Documents/email-cleander/email-cleaner-fastify/src/services/emailSuggester.js": {"path":"/Users/gil/Documents/email-cleander/email-cleaner-fastify/src/services/emailSuggester.js","statementMap":{"0":{"start":{"line":5,"column":13},"end":{"line":5,"column":84}},"1":{"start":{"line":6,"column":23},"end":{"line":6,"column":40}},"2":{"start":{"line":14,"column":2},"end":{"line":79,"column":3}},"3":{"start":{"line":15,"column":21},"end":{"line":19,"column":6}},"4":{"start":{"line":21,"column":4},"end":{"line":23,"column":5}},"5":{"start":{"line":22,"column":6},"end":{"line":22,"column":71}},"6":{"start":{"line":25,"column":26},"end":{"line":25,"column":47}},"7":{"start":{"line":27,"column":4},"end":{"line":27,"column":44}},"8":{"start":{"line":28,"column":4},"end":{"line":28,"column":48}},"9":{"start":{"line":31,"column":4},"end":{"line":31,"column":53}},"10":{"start":{"line":32,"column":4},"end":{"line":34,"column":5}},"11":{"start":{"line":33,"column":6},"end":{"line":33,"column":109}},"12":{"start":{"line":33,"column":77},"end":{"line":33,"column":85}},"13":{"start":{"line":37,"column":21},"end":{"line":66,"column":6}},"14":{"start":{"line":38,"column":24},"end":{"line":38,"column":53}},"15":{"start":{"line":40,"column":6},"end":{"line":59,"column":7}},"16":{"start":{"line":41,"column":8},"end":{"line":56,"column":27}},"17":{"start":{"line":42,"column":10},"end":{"line":49,"column":11}},"18":{"start":{"line":43,"column":12},"end":{"line":48,"column":13}},"19":{"start":{"line":44,"column":14},"end":{"line":44,"column":32}},"20":{"start":{"line":46,"column":14},"end":{"line":46,"column":97}},"21":{"start":{"line":47,"column":14},"end":{"line":47,"column":26}},"22":{"start":{"line":51,"column":10},"end":{"line":55,"column":12}},"23":{"start":{"line":58,"column":8},"end":{"line":58,"column":25}},"24":{"start":{"line":61,"column":6},"end":{"line":61,"column":64}},"25":{"start":{"line":62,"column":6},"end":{"line":65,"column":8}},"26":{"start":{"line":68,"column":4},"end":{"line":68,"column":32}},"27":{"start":{"line":71,"column":4},"end":{"line":71,"column":58}},"28":{"start":{"line":73,"column":4},"end":{"line":78,"column":6}},"29":{"start":{"line":74,"column":35},"end":{"line":77,"column":7}}},"fnMap":{"0":{"name":"suggestActions","decl":{"start":{"line":13,"column":22},"end":{"line":13,"column":36}},"loc":{"start":{"line":13,"column":45},"end":{"line":80,"column":1}},"line":13},"1":{"name":"(anonymous_1)","decl":{"start":{"line":33,"column":72},"end":{"line":33,"column":73}},"loc":{"start":{"line":33,"column":77},"end":{"line":33,"column":85}},"line":33},"2":{"name":"(anonymous_2)","decl":{"start":{"line":37,"column":32},"end":{"line":37,"column":33}},"loc":{"start":{"line":37,"column":41},"end":{"line":66,"column":5}},"line":37},"3":{"name":"(anonymous_3)","decl":{"start":{"line":41,"column":38},"end":{"line":41,"column":39}},"loc":{"start":{"line":41,"column":43},"end":{"line":56,"column":9}},"line":41},"4":{"name":"(anonymous_4)","decl":{"start":{"line":74,"column":25},"end":{"line":74,"column":26}},"loc":{"start":{"line":74,"column":35},"end":{"line":77,"column":7}},"line":74}},"branchMap":{"0":{"loc":{"start":{"line":5,"column":14},"end":{"line":5,"column":64}},"type":"binary-expr","locations":[{"start":{"line":5,"column":14},"end":{"line":5,"column":37}},{"start":{"line":5,"column":41},"end":{"line":5,"column":64}}],"line":5},"1":{"loc":{"start":{"line":21,"column":4},"end":{"line":23,"column":5}},"type":"if","locations":[{"start":{"line":21,"column":4},"end":{"line":23,"column":5}},{"start":{},"end":{}}],"line":21},"2":{"loc":{"start":{"line":33,"column":27},"end":{"line":33,"column":107}},"type":"cond-expr","locations":[{"start":{"line":33,"column":56},"end":{"line":33,"column":86}},{"start":{"line":33,"column":89},"end":{"line":33,"column":107}}],"line":33},"3":{"loc":{"start":{"line":38,"column":24},"end":{"line":38,"column":53}},"type":"binary-expr","locations":[{"start":{"line":38,"column":24},"end":{"line":38,"column":47}},{"start":{"line":38,"column":51},"end":{"line":38,"column":53}}],"line":38},"4":{"loc":{"start":{"line":40,"column":6},"end":{"line":59,"column":7}},"type":"if","locations":[{"start":{"line":40,"column":6},"end":{"line":59,"column":7}},{"start":{"line":57,"column":13},"end":{"line":59,"column":7}}],"line":40},"5":{"loc":{"start":{"line":42,"column":10},"end":{"line":49,"column":11}},"type":"if","locations":[{"start":{"line":42,"column":10},"end":{"line":49,"column":11}},{"start":{},"end":{}}],"line":42},"6":{"loc":{"start":{"line":52,"column":20},"end":{"line":52,"column":35}},"type":"binary-expr","locations":[{"start":{"line":52,"column":20},"end":{"line":52,"column":29}},{"start":{"line":52,"column":33},"end":{"line":52,"column":35}}],"line":52},"7":{"loc":{"start":{"line":53,"column":22},"end":{"line":53,"column":39}},"type":"binary-expr","locations":[{"start":{"line":53,"column":22},"end":{"line":53,"column":33}},{"start":{"line":53,"column":37},"end":{"line":53,"column":39}}],"line":53},"8":{"loc":{"start":{"line":54,"column":30},"end":{"line":54,"column":54}},"type":"binary-expr","locations":[{"start":{"line":54,"column":30},"end":{"line":54,"column":49}},{"start":{"line":54,"column":53},"end":{"line":54,"column":54}}],"line":54}},"s":{"0":1,"1":1,"2":2,"3":2,"4":1,"5":0,"6":1,"7":1,"8":1,"9":1,"10":1,"11":2,"12":2,"13":1,"14":2,"15":2,"16":2,"17":2,"18":1,"19":1,"20":0,"21":0,"22":2,"23":0,"24":2,"25":2,"26":1,"27":1,"28":1,"29":1},"f":{"0":2,"1":2,"2":2,"3":2,"4":1},"b":{"0":[1,1],"1":[0,1],"2":[2,0],"3":[2,0],"4":[2,0],"5":[1,1],"6":[2,0],"7":[2,0],"8":[2,0]},"inputSourceMap":null,"_coverageSchema":"1a1c01bbd47fc00a2c39e90264f33305004495a9","hash":"e3c7b128383a40d14fc769775178ac6da8b56a2f"}
,"/Users/gil/Documents/email-cleander/email-cleaner-fastify/src/services/gmailService.js": {"path":"/Users/gil/Documents/email-cleander/email-cleaner-fastify/src/services/gmailService.js","statementMap":{"0":{"start":{"line":5,"column":8},"end":{"line":5,"column":33}},"1":{"start":{"line":18,"column":22},"end":{"line":18,"column":71}},"2":{"start":{"line":20,"column":20},"end":{"line":24,"column":10}},"3":{"start":{"line":26,"column":25},"end":{"line":26,"column":48}},"4":{"start":{"line":27,"column":8},"end":{"line":27,"column":56}},"5":{"start":{"line":31,"column":22},"end":{"line":31,"column":24}},"6":{"start":{"line":32,"column":25},"end":{"line":32,"column":38}},"7":{"start":{"line":33,"column":8},"end":{"line":33,"column":42}},"8":{"start":{"line":33,"column":20},"end":{"line":33,"column":42}},"9":{"start":{"line":35,"column":8},"end":{"line":35,"column":67}},"10":{"start":{"line":35,"column":41},"end":{"line":35,"column":67}},"11":{"start":{"line":36,"column":8},"end":{"line":36,"column":81}},"12":{"start":{"line":36,"column":45},"end":{"line":36,"column":81}},"13":{"start":{"line":37,"column":8},"end":{"line":37,"column":87}},"14":{"start":{"line":37,"column":46},"end":{"line":37,"column":87}},"15":{"start":{"line":38,"column":8},"end":{"line":39,"column":96}},"16":{"start":{"line":39,"column":12},"end":{"line":39,"column":96}},"17":{"start":{"line":41,"column":8},"end":{"line":41,"column":39}},"18":{"start":{"line":46,"column":24},"end":{"line":46,"column":26}},"19":{"start":{"line":47,"column":8},"end":{"line":80,"column":9}},"20":{"start":{"line":48,"column":28},"end":{"line":53,"column":14}},"21":{"start":{"line":54,"column":28},"end":{"line":54,"column":54}},"22":{"start":{"line":55,"column":28},"end":{"line":58,"column":18}},"23":{"start":{"line":56,"column":16},"end":{"line":56,"column":52}},"24":{"start":{"line":57,"column":16},"end":{"line":57,"column":27}},"25":{"start":{"line":61,"column":16},"end":{"line":61,"column":80}},"26":{"start":{"line":61,"column":60},"end":{"line":61,"column":80}},"27":{"start":{"line":62,"column":16},"end":{"line":62,"column":72}},"28":{"start":{"line":62,"column":56},"end":{"line":62,"column":72}},"29":{"start":{"line":63,"column":16},"end":{"line":63,"column":74}},"30":{"start":{"line":63,"column":57},"end":{"line":63,"column":74}},"31":{"start":{"line":64,"column":16},"end":{"line":64,"column":72}},"32":{"start":{"line":64,"column":56},"end":{"line":64,"column":72}},"33":{"start":{"line":65,"column":16},"end":{"line":65,"column":63}},"34":{"start":{"line":65,"column":46},"end":{"line":65,"column":63}},"35":{"start":{"line":66,"column":16},"end":{"line":66,"column":33}},"36":{"start":{"line":68,"column":12},"end":{"line":79,"column":15}},"37":{"start":{"line":77,"column":66},"end":{"line":77,"column":103}},"38":{"start":{"line":81,"column":8},"end":{"line":81,"column":23}}},"fnMap":{"0":{"name":"(anonymous_0)","decl":{"start":{"line":4,"column":4},"end":{"line":4,"column":5}},"loc":{"start":{"line":4,"column":29},"end":{"line":6,"column":5}},"line":4},"1":{"name":"(anonymous_1)","decl":{"start":{"line":17,"column":4},"end":{"line":17,"column":5}},"loc":{"start":{"line":17,"column":68},"end":{"line":28,"column":5}},"line":17},"2":{"name":"(anonymous_2)","decl":{"start":{"line":30,"column":4},"end":{"line":30,"column":5}},"loc":{"start":{"line":30,"column":49},"end":{"line":42,"column":5}},"line":30},"3":{"name":"(anonymous_3)","decl":{"start":{"line":44,"column":4},"end":{"line":44,"column":5}},"loc":{"start":{"line":44,"column":46},"end":{"line":82,"column":5}},"line":44},"4":{"name":"(anonymous_4)","decl":{"start":{"line":55,"column":59},"end":{"line":55,"column":60}},"loc":{"start":{"line":55,"column":71},"end":{"line":58,"column":13}},"line":55},"5":{"name":"detectCategoryFromLabels","decl":{"start":{"line":60,"column":21},"end":{"line":60,"column":45}},"loc":{"start":{"line":60,"column":54},"end":{"line":67,"column":13}},"line":60},"6":{"name":"(anonymous_6)","decl":{"start":{"line":77,"column":58},"end":{"line":77,"column":59}},"loc":{"start":{"line":77,"column":66},"end":{"line":77,"column":103}},"line":77}},"branchMap":{"0":{"loc":{"start":{"line":23,"column":24},"end":{"line":23,"column":40}},"type":"binary-expr","locations":[{"start":{"line":23,"column":24},"end":{"line":23,"column":34}},{"start":{"line":23,"column":38},"end":{"line":23,"column":40}}],"line":23},"1":{"loc":{"start":{"line":26,"column":25},"end":{"line":26,"column":48}},"type":"binary-expr","locations":[{"start":{"line":26,"column":25},"end":{"line":26,"column":42}},{"start":{"line":26,"column":46},"end":{"line":26,"column":48}}],"line":26},"2":{"loc":{"start":{"line":32,"column":25},"end":{"line":32,"column":38}},"type":"binary-expr","locations":[{"start":{"line":32,"column":25},"end":{"line":32,"column":32}},{"start":{"line":32,"column":36},"end":{"line":32,"column":38}}],"line":32},"3":{"loc":{"start":{"line":33,"column":8},"end":{"line":33,"column":42}},"type":"if","locations":[{"start":{"line":33,"column":8},"end":{"line":33,"column":42}},{"start":{},"end":{}}],"line":33},"4":{"loc":{"start":{"line":35,"column":8},"end":{"line":35,"column":67}},"type":"if","locations":[{"start":{"line":35,"column":8},"end":{"line":35,"column":67}},{"start":{},"end":{}}],"line":35},"5":{"loc":{"start":{"line":36,"column":8},"end":{"line":36,"column":81}},"type":"if","locations":[{"start":{"line":36,"column":8},"end":{"line":36,"column":81}},{"start":{},"end":{}}],"line":36},"6":{"loc":{"start":{"line":37,"column":8},"end":{"line":37,"column":87}},"type":"if","locations":[{"start":{"line":37,"column":8},"end":{"line":37,"column":87}},{"start":{},"end":{}}],"line":37},"7":{"loc":{"start":{"line":38,"column":8},"end":{"line":39,"column":96}},"type":"if","locations":[{"start":{"line":38,"column":8},"end":{"line":39,"column":96}},{"start":{},"end":{}}],"line":38},"8":{"loc":{"start":{"line":39,"column":35},"end":{"line":39,"column":92}},"type":"cond-expr","locations":[{"start":{"line":39,"column":48},"end":{"line":39,"column":77}},{"start":{"line":39,"column":80},"end":{"line":39,"column":92}}],"line":39},"9":{"loc":{"start":{"line":41,"column":15},"end":{"line":41,"column":38}},"type":"binary-expr","locations":[{"start":{"line":41,"column":15},"end":{"line":41,"column":32}},{"start":{"line":41,"column":36},"end":{"line":41,"column":38}}],"line":41},"10":{"loc":{"start":{"line":54,"column":28},"end":{"line":54,"column":54}},"type":"binary-expr","locations":[{"start":{"line":54,"column":28},"end":{"line":54,"column":48}},{"start":{"line":54,"column":52},"end":{"line":54,"column":54}}],"line":54},"11":{"loc":{"start":{"line":55,"column":29},"end":{"line":55,"column":50}},"type":"binary-expr","locations":[{"start":{"line":55,"column":29},"end":{"line":55,"column":44}},{"start":{"line":55,"column":48},"end":{"line":55,"column":50}}],"line":55},"12":{"loc":{"start":{"line":61,"column":16},"end":{"line":61,"column":80}},"type":"if","locations":[{"start":{"line":61,"column":16},"end":{"line":61,"column":80}},{"start":{},"end":{}}],"line":61},"13":{"loc":{"start":{"line":62,"column":16},"end":{"line":62,"column":72}},"type":"if","locations":[{"start":{"line":62,"column":16},"end":{"line":62,"column":72}},{"start":{},"end":{}}],"line":62},"14":{"loc":{"start":{"line":63,"column":16},"end":{"line":63,"column":74}},"type":"if","locations":[{"start":{"line":63,"column":16},"end":{"line":63,"column":74}},{"start":{},"end":{}}],"line":63},"15":{"loc":{"start":{"line":64,"column":16},"end":{"line":64,"column":72}},"type":"if","locations":[{"start":{"line":64,"column":16},"end":{"line":64,"column":72}},{"start":{},"end":{}}],"line":64},"16":{"loc":{"start":{"line":65,"column":16},"end":{"line":65,"column":63}},"type":"if","locations":[{"start":{"line":65,"column":16},"end":{"line":65,"column":63}},{"start":{},"end":{}}],"line":65},"17":{"loc":{"start":{"line":70,"column":25},"end":{"line":70,"column":46}},"type":"binary-expr","locations":[{"start":{"line":70,"column":25},"end":{"line":70,"column":40}},{"start":{"line":70,"column":44},"end":{"line":70,"column":46}}],"line":70},"18":{"loc":{"start":{"line":71,"column":22},"end":{"line":71,"column":40}},"type":"binary-expr","locations":[{"start":{"line":71,"column":22},"end":{"line":71,"column":34}},{"start":{"line":71,"column":38},"end":{"line":71,"column":40}}],"line":71},"19":{"loc":{"start":{"line":72,"column":22},"end":{"line":72,"column":40}},"type":"binary-expr","locations":[{"start":{"line":72,"column":22},"end":{"line":72,"column":34}},{"start":{"line":72,"column":38},"end":{"line":72,"column":40}}],"line":72},"20":{"loc":{"start":{"line":74,"column":51},"end":{"line":74,"column":78}},"type":"binary-expr","locations":[{"start":{"line":74,"column":51},"end":{"line":74,"column":72}},{"start":{"line":74,"column":76},"end":{"line":74,"column":78}}],"line":74},"21":{"loc":{"start":{"line":77,"column":32},"end":{"line":77,"column":51}},"type":"binary-expr","locations":[{"start":{"line":77,"column":32},"end":{"line":77,"column":45}},{"start":{"line":77,"column":49},"end":{"line":77,"column":51}}],"line":77},"22":{"loc":{"start":{"line":77,"column":66},"end":{"line":77,"column":103}},"type":"binary-expr","locations":[{"start":{"line":77,"column":66},"end":{"line":77,"column":79}},{"start":{"line":77,"column":83},"end":{"line":77,"column":103}}],"line":77}},"s":{"0":1,"1":1,"2":1,"3":1,"4":1,"5":1,"6":1,"7":1,"8":1,"9":1,"10":1,"11":1,"12":1,"13":1,"14":1,"15":1,"16":1,"17":1,"18":1,"19":1,"20":2,"21":2,"22":2,"23":3,"24":3,"25":2,"26":1,"27":1,"28":0,"29":1,"30":0,"31":1,"32":0,"33":1,"34":1,"35":0,"36":2,"37":2,"38":1},"f":{"0":1,"1":1,"2":1,"3":1,"4":3,"5":2,"6":2},"b":{"0":[1,0],"1":[1,0],"2":[1,0],"3":[1,0],"4":[1,0],"5":[1,0],"6":[1,0],"7":[1,0],"8":[1,0],"9":[1,0],"10":[2,0],"11":[2,0],"12":[1,1],"13":[0,1],"14":[0,1],"15":[0,1],"16":[1,0],"17":[2,1],"18":[2,1],"19":[2,1],"20":[2,0],"21":[2,0],"22":[2,1]},"inputSourceMap":null,"_coverageSchema":"1a1c01bbd47fc00a2c39e90264f33305004495a9","hash":"a38b45656421b8d8376e78f11b4b90b06e61fe12"}
,"/Users/gil/Documents/email-cleander/email-cleaner-fastify/src/services/notificationsService.js": {"path":"/Users/gil/Documents/email-cleander/email-cleaner-fastify/src/services/notificationsService.js","statementMap":{"0":{"start":{"line":5,"column":36},"end":{"line":53,"column":2}},"1":{"start":{"line":5,"column":49},"end":{"line":53,"column":1}},"2":{"start":{"line":7,"column":4},"end":{"line":18,"column":6}},"3":{"start":{"line":22,"column":20},"end":{"line":22,"column":22}},"4":{"start":{"line":23,"column":27},"end":{"line":23,"column":55}},"5":{"start":{"line":25,"column":4},"end":{"line":45,"column":5}},"6":{"start":{"line":26,"column":24},"end":{"line":26,"column":28}},"7":{"start":{"line":28,"column":6},"end":{"line":30,"column":7}},"8":{"start":{"line":29,"column":8},"end":{"line":29,"column":56}},"9":{"start":{"line":32,"column":22},"end":{"line":41,"column":7}},"10":{"start":{"line":43,"column":6},"end":{"line":43,"column":43}},"11":{"start":{"line":44,"column":6},"end":{"line":44,"column":28}},"12":{"start":{"line":47,"column":4},"end":{"line":51,"column":6}}},"fnMap":{"0":{"name":"(anonymous_0)","decl":{"start":{"line":5,"column":36},"end":{"line":5,"column":37}},"loc":{"start":{"line":5,"column":49},"end":{"line":53,"column":1}},"line":5},"1":{"name":"(anonymous_1)","decl":{"start":{"line":6,"column":2},"end":{"line":6,"column":3}},"loc":{"start":{"line":6,"column":33},"end":{"line":19,"column":3}},"line":6},"2":{"name":"(anonymous_2)","decl":{"start":{"line":21,"column":2},"end":{"line":21,"column":3}},"loc":{"start":{"line":21,"column":48},"end":{"line":52,"column":3}},"line":21}},"branchMap":{"0":{"loc":{"start":{"line":28,"column":6},"end":{"line":30,"column":7}},"type":"if","locations":[{"start":{"line":28,"column":6},"end":{"line":30,"column":7}},{"start":{},"end":{}}],"line":28},"1":{"loc":{"start":{"line":39,"column":16},"end":{"line":39,"column":62}},"type":"cond-expr","locations":[{"start":{"line":39,"column":38},"end":{"line":39,"column":49}},{"start":{"line":39,"column":52},"end":{"line":39,"column":62}}],"line":39}},"s":{"0":1,"1":2,"2":1,"3":1,"4":1,"5":1,"6":1,"7":1,"8":1,"9":1,"10":1,"11":1,"12":1},"f":{"0":2,"1":1,"2":1},"b":{"0":[1,0],"1":[1,0]},"inputSourceMap":null,"_coverageSchema":"1a1c01bbd47fc00a2c39e90264f33305004495a9","hash":"a33e17d0add3349ec17b7592019c3e1a2c61a502"}
,"/Users/gil/Documents/email-cleander/email-cleaner-fastify/src/utils/filters.js": {"path":"/Users/gil/Documents/email-cleander/email-cleaner-fastify/src/utils/filters.js","statementMap":{"0":{"start":{"line":3,"column":10},"end":{"line":3,"column":12}},"1":{"start":{"line":4,"column":2},"end":{"line":4,"column":51}},"2":{"start":{"line":4,"column":33},"end":{"line":4,"column":51}},"3":{"start":{"line":5,"column":2},"end":{"line":5,"column":61}},"4":{"start":{"line":5,"column":24},"end":{"line":5,"column":61}},"5":{"start":{"line":6,"column":2},"end":{"line":6,"column":65}},"6":{"start":{"line":6,"column":25},"end":{"line":6,"column":65}},"7":{"start":{"line":8,"column":2},"end":{"line":8,"column":18}},"8":{"start":{"line":13,"column":17},"end":{"line":13,"column":19}},"9":{"start":{"line":14,"column":2},"end":{"line":22,"column":3}},"10":{"start":{"line":15,"column":21},"end":{"line":15,"column":81}},"11":{"start":{"line":16,"column":4},"end":{"line":21,"column":5}},"12":{"start":{"line":17,"column":28},"end":{"line":19,"column":7}},"13":{"start":{"line":18,"column":16},"end":{"line":18,"column":55}},"14":{"start":{"line":20,"column":6},"end":{"line":20,"column":42}},"15":{"start":{"line":20,"column":25},"end":{"line":20,"column":42}},"16":{"start":{"line":23,"column":2},"end":{"line":23,"column":16}}},"fnMap":{"0":{"name":"buildGmailQuery","decl":{"start":{"line":2,"column":16},"end":{"line":2,"column":31}},"loc":{"start":{"line":2,"column":41},"end":{"line":9,"column":1}},"line":2},"1":{"name":"filterByAttachment","decl":{"start":{"line":11,"column":22},"end":{"line":11,"column":40}},"loc":{"start":{"line":11,"column":64},"end":{"line":24,"column":1}},"line":11},"2":{"name":"(anonymous_2)","decl":{"start":{"line":18,"column":8},"end":{"line":18,"column":9}},"loc":{"start":{"line":18,"column":16},"end":{"line":18,"column":55}},"line":18}},"branchMap":{"0":{"loc":{"start":{"line":4,"column":2},"end":{"line":4,"column":51}},"type":"if","locations":[{"start":{"line":4,"column":2},"end":{"line":4,"column":51}},{"start":{},"end":{}}],"line":4},"1":{"loc":{"start":{"line":5,"column":2},"end":{"line":5,"column":61}},"type":"if","locations":[{"start":{"line":5,"column":2},"end":{"line":5,"column":61}},{"start":{},"end":{}}],"line":5},"2":{"loc":{"start":{"line":6,"column":2},"end":{"line":6,"column":65}},"type":"if","locations":[{"start":{"line":6,"column":2},"end":{"line":6,"column":65}},{"start":{},"end":{}}],"line":6},"3":{"loc":{"start":{"line":16,"column":4},"end":{"line":21,"column":5}},"type":"if","locations":[{"start":{"line":16,"column":4},"end":{"line":21,"column":5}},{"start":{},"end":{}}],"line":16},"4":{"loc":{"start":{"line":16,"column":8},"end":{"line":16,"column":42}},"type":"binary-expr","locations":[{"start":{"line":16,"column":8},"end":{"line":16,"column":20}},{"start":{"line":16,"column":24},"end":{"line":16,"column":42}}],"line":16},"5":{"loc":{"start":{"line":18,"column":16},"end":{"line":18,"column":55}},"type":"binary-expr","locations":[{"start":{"line":18,"column":16},"end":{"line":18,"column":29}},{"start":{"line":18,"column":33},"end":{"line":18,"column":55}}],"line":18},"6":{"loc":{"start":{"line":20,"column":6},"end":{"line":20,"column":42}},"type":"if","locations":[{"start":{"line":20,"column":6},"end":{"line":20,"column":42}},{"start":{},"end":{}}],"line":20}},"s":{"0":2,"1":2,"2":1,"3":2,"4":1,"5":2,"6":0,"7":2,"8":0,"9":0,"10":0,"11":0,"12":0,"13":0,"14":0,"15":0,"16":0},"f":{"0":2,"1":0,"2":0},"b":{"0":[1,1],"1":[1,1],"2":[0,2],"3":[0,0],"4":[0,0],"5":[0,0],"6":[0,0]},"inputSourceMap":null,"_coverageSchema":"1a1c01bbd47fc00a2c39e90264f33305004495a9","hash":"d3eae94a7587e7a0c879b97a7408e29b2aa86535"}
}
