{"/Users/gil/Documents/email-cleaner/email-cleaner-fastify/src/commands/notification_events/recordNotificationEventCommand.js": {"path":"/Users/gil/Documents/email-cleaner/email-cleaner-fastify/src/commands/notification_events/recordNotificationEventCommand.js","statementMap":{"0":{"start":{"line":4,"column":32},"end":{"line":4,"column":38}},"1":{"start":{"line":6,"column":2},"end":{"line":21,"column":4}},"2":{"start":{"line":8,"column":6},"end":{"line":10,"column":7}},"3":{"start":{"line":9,"column":8},"end":{"line":9,"column":64}},"4":{"start":{"line":12,"column":18},"end":{"line":12,"column":57}},"5":{"start":{"line":14,"column":6},"end":{"line":17,"column":8}},"6":{"start":{"line":19,"column":6},"end":{"line":19,"column":17}}},"fnMap":{"0":{"name":"recordNotificationEventCommand","decl":{"start":{"line":3,"column":16},"end":{"line":3,"column":46}},"loc":{"start":{"line":3,"column":67},"end":{"line":22,"column":1}},"line":3},"1":{"name":"(anonymous_1)","decl":{"start":{"line":7,"column":4},"end":{"line":7,"column":5}},"loc":{"start":{"line":7,"column":27},"end":{"line":20,"column":5}},"line":7}},"branchMap":{"0":{"loc":{"start":{"line":8,"column":6},"end":{"line":10,"column":7}},"type":"if","locations":[{"start":{"line":8,"column":6},"end":{"line":10,"column":7}},{"start":{},"end":{}}],"line":8},"1":{"loc":{"start":{"line":8,"column":10},"end":{"line":8,"column":44}},"type":"binary-expr","locations":[{"start":{"line":8,"column":10},"end":{"line":8,"column":24}},{"start":{"line":8,"column":28},"end":{"line":8,"column":44}}],"line":8}},"s":{"0":2,"1":2,"2":2,"3":0,"4":2,"5":2,"6":2},"f":{"0":2,"1":2},"b":{"0":[0,2],"1":[2,2]},"inputSourceMap":null,"_coverageSchema":"1a1c01bbd47fc00a2c39e90264f33305004495a9","hash":"15d6cb66a1a7d7f13c57132cb753b938e162021a"}
,"/Users/gil/Documents/email-cleaner/email-cleaner-fastify/src/commands/notifications/confirmActionCommand.js": {"path":"/Users/gil/Documents/email-cleaner/email-cleaner-fastify/src/commands/notifications/confirmActionCommand.js","statementMap":{"0":{"start":{"line":5,"column":28},"end":{"line":5,"column":34}},"1":{"start":{"line":8,"column":2},"end":{"line":15,"column":4}},"2":{"start":{"line":9,"column":24},"end":{"line":14,"column":5}},"3":{"start":{"line":18,"column":2},"end":{"line":21,"column":3}},"4":{"start":{"line":19,"column":24},"end":{"line":19,"column":83}},"5":{"start":{"line":20,"column":4},"end":{"line":20,"column":76}},"6":{"start":{"line":24,"column":2},"end":{"line":24,"column":82}},"7":{"start":{"line":26,"column":2},"end":{"line":26,"column":55}}},"fnMap":{"0":{"name":"confirmActionCommand","decl":{"start":{"line":4,"column":22},"end":{"line":4,"column":42}},"loc":{"start":{"line":4,"column":99},"end":{"line":27,"column":1}},"line":4},"1":{"name":"(anonymous_1)","decl":{"start":{"line":9,"column":17},"end":{"line":9,"column":18}},"loc":{"start":{"line":9,"column":24},"end":{"line":14,"column":5}},"line":9}},"branchMap":{"0":{"loc":{"start":{"line":18,"column":2},"end":{"line":21,"column":3}},"type":"if","locations":[{"start":{"line":18,"column":2},"end":{"line":21,"column":3}},{"start":{},"end":{}}],"line":18}},"s":{"0":1,"1":1,"2":1,"3":1,"4":1,"5":1,"6":1,"7":1},"f":{"0":1,"1":1},"b":{"0":[1,0]},"inputSourceMap":null,"_coverageSchema":"1a1c01bbd47fc00a2c39e90264f33305004495a9","hash":"b8330bb6684c1f237deebe3540218ec9d2968b37"}
,"/Users/gil/Documents/email-cleaner/email-cleaner-fastify/src/events/eventBus.js": {"path":"/Users/gil/Documents/email-cleaner/email-cleaner-fastify/src/events/eventBus.js","statementMap":{"0":{"start":{"line":13,"column":22},"end":{"line":13,"column":31}},"1":{"start":{"line":16,"column":4},"end":{"line":18,"column":5}},"2":{"start":{"line":17,"column":6},"end":{"line":17,"column":83}},"3":{"start":{"line":20,"column":4},"end":{"line":22,"column":5}},"4":{"start":{"line":21,"column":6},"end":{"line":21,"column":44}},"5":{"start":{"line":24,"column":21},"end":{"line":24,"column":47}},"6":{"start":{"line":25,"column":4},"end":{"line":25,"column":26}},"7":{"start":{"line":28,"column":4},"end":{"line":35,"column":6}},"8":{"start":{"line":29,"column":30},"end":{"line":29,"column":56}},"9":{"start":{"line":30,"column":6},"end":{"line":30,"column":35}},"10":{"start":{"line":30,"column":28},"end":{"line":30,"column":35}},"11":{"start":{"line":31,"column":6},"end":{"line":31,"column":38}},"12":{"start":{"line":32,"column":6},"end":{"line":34,"column":7}},"13":{"start":{"line":33,"column":8},"end":{"line":33,"column":38}},"14":{"start":{"line":39,"column":21},"end":{"line":39,"column":47}},"15":{"start":{"line":40,"column":4},"end":{"line":43,"column":5}},"16":{"start":{"line":41,"column":6},"end":{"line":41,"column":76}},"17":{"start":{"line":42,"column":6},"end":{"line":42,"column":13}},"18":{"start":{"line":46,"column":4},"end":{"line":55,"column":5}},"19":{"start":{"line":47,"column":6},"end":{"line":54,"column":7}},"20":{"start":{"line":48,"column":8},"end":{"line":48,"column":31}},"21":{"start":{"line":50,"column":8},"end":{"line":53,"column":10}},"22":{"start":{"line":59,"column":4},"end":{"line":62,"column":5}},"23":{"start":{"line":60,"column":6},"end":{"line":60,"column":36}},"24":{"start":{"line":61,"column":6},"end":{"line":61,"column":13}},"25":{"start":{"line":63,"column":4},"end":{"line":63,"column":24}},"26":{"start":{"line":66,"column":2},"end":{"line":70,"column":4}},"27":{"start":{"line":77,"column":29},"end":{"line":80,"column":1}},"28":{"start":{"line":90,"column":24},"end":{"line":90,"column":40}}},"fnMap":{"0":{"name":"createEventBus","decl":{"start":{"line":11,"column":16},"end":{"line":11,"column":30}},"loc":{"start":{"line":11,"column":48},"end":{"line":71,"column":1}},"line":11},"1":{"name":"subscribe","decl":{"start":{"line":15,"column":11},"end":{"line":15,"column":20}},"loc":{"start":{"line":15,"column":41},"end":{"line":36,"column":3}},"line":15},"2":{"name":"(anonymous_2)","decl":{"start":{"line":28,"column":11},"end":{"line":28,"column":12}},"loc":{"start":{"line":28,"column":17},"end":{"line":35,"column":5}},"line":28},"3":{"name":"publish","decl":{"start":{"line":38,"column":17},"end":{"line":38,"column":24}},"loc":{"start":{"line":38,"column":45},"end":{"line":56,"column":3}},"line":38},"4":{"name":"clear","decl":{"start":{"line":58,"column":11},"end":{"line":58,"column":16}},"loc":{"start":{"line":58,"column":28},"end":{"line":64,"column":3}},"line":58}},"branchMap":{"0":{"loc":{"start":{"line":11,"column":31},"end":{"line":11,"column":46}},"type":"default-arg","locations":[{"start":{"line":11,"column":44},"end":{"line":11,"column":46}}],"line":11},"1":{"loc":{"start":{"line":16,"column":4},"end":{"line":18,"column":5}},"type":"if","locations":[{"start":{"line":16,"column":4},"end":{"line":18,"column":5}},{"start":{},"end":{}}],"line":16},"2":{"loc":{"start":{"line":16,"column":8},"end":{"line":16,"column":51}},"type":"binary-expr","locations":[{"start":{"line":16,"column":8},"end":{"line":16,"column":18}},{"start":{"line":16,"column":22},"end":{"line":16,"column":51}}],"line":16},"3":{"loc":{"start":{"line":20,"column":4},"end":{"line":22,"column":5}},"type":"if","locations":[{"start":{"line":20,"column":4},"end":{"line":22,"column":5}},{"start":{},"end":{}}],"line":20},"4":{"loc":{"start":{"line":30,"column":6},"end":{"line":30,"column":35}},"type":"if","locations":[{"start":{"line":30,"column":6},"end":{"line":30,"column":35}},{"start":{},"end":{}}],"line":30},"5":{"loc":{"start":{"line":32,"column":6},"end":{"line":34,"column":7}},"type":"if","locations":[{"start":{"line":32,"column":6},"end":{"line":34,"column":7}},{"start":{},"end":{}}],"line":32},"6":{"loc":{"start":{"line":40,"column":4},"end":{"line":43,"column":5}},"type":"if","locations":[{"start":{"line":40,"column":4},"end":{"line":43,"column":5}},{"start":{},"end":{}}],"line":40},"7":{"loc":{"start":{"line":40,"column":8},"end":{"line":40,"column":40}},"type":"binary-expr","locations":[{"start":{"line":40,"column":8},"end":{"line":40,"column":17}},{"start":{"line":40,"column":21},"end":{"line":40,"column":40}}],"line":40},"8":{"loc":{"start":{"line":59,"column":4},"end":{"line":62,"column":5}},"type":"if","locations":[{"start":{"line":59,"column":4},"end":{"line":62,"column":5}},{"start":{},"end":{}}],"line":59}},"s":{"0":4,"1":0,"2":0,"3":0,"4":0,"5":0,"6":0,"7":0,"8":0,"9":0,"10":0,"11":0,"12":0,"13":0,"14":0,"15":0,"16":0,"17":0,"18":0,"19":0,"20":0,"21":0,"22":0,"23":0,"24":0,"25":0,"26":4,"27":4,"28":4},"f":{"0":4,"1":0,"2":0,"3":0,"4":0},"b":{"0":[4],"1":[0,0],"2":[0,0],"3":[0,0],"4":[0,0],"5":[0,0],"6":[0,0],"7":[0,0],"8":[0,0]},"inputSourceMap":null,"_coverageSchema":"1a1c01bbd47fc00a2c39e90264f33305004495a9","hash":"cdda1ad9b6f5b9d855a6fbf0f74f2805fcf2e76c"}
,"/Users/gil/Documents/email-cleaner/email-cleaner-fastify/src/events/builders/confirmedSuggestionEvent.builder.js": {"path":"/Users/gil/Documents/email-cleaner/email-cleaner-fastify/src/events/builders/confirmedSuggestionEvent.builder.js","statementMap":{"0":{"start":{"line":9,"column":2},"end":{"line":11,"column":3}},"1":{"start":{"line":10,"column":4},"end":{"line":10,"column":80}},"2":{"start":{"line":13,"column":29},"end":{"line":15,"column":8}},"3":{"start":{"line":14,"column":43},"end":{"line":14,"column":53}},"4":{"start":{"line":16,"column":17},"end":{"line":16,"column":41}},"5":{"start":{"line":18,"column":2},"end":{"line":30,"column":4}}},"fnMap":{"0":{"name":"buildConfirmedSuggestionEvent","decl":{"start":{"line":8,"column":16},"end":{"line":8,"column":45}},"loc":{"start":{"line":8,"column":81},"end":{"line":31,"column":1}},"line":8},"1":{"name":"(anonymous_1)","decl":{"start":{"line":14,"column":35},"end":{"line":14,"column":36}},"loc":{"start":{"line":14,"column":43},"end":{"line":14,"column":53}},"line":14}},"branchMap":{"0":{"loc":{"start":{"line":8,"column":56},"end":{"line":8,"column":69}},"type":"default-arg","locations":[{"start":{"line":8,"column":67},"end":{"line":8,"column":69}}],"line":8},"1":{"loc":{"start":{"line":9,"column":2},"end":{"line":11,"column":3}},"type":"if","locations":[{"start":{"line":9,"column":2},"end":{"line":11,"column":3}},{"start":{},"end":{}}],"line":9},"2":{"loc":{"start":{"line":9,"column":6},"end":{"line":9,"column":43}},"type":"binary-expr","locations":[{"start":{"line":9,"column":6},"end":{"line":9,"column":13}},{"start":{"line":9,"column":17},"end":{"line":9,"column":43}}],"line":9},"3":{"loc":{"start":{"line":13,"column":29},"end":{"line":15,"column":8}},"type":"cond-expr","locations":[{"start":{"line":14,"column":6},"end":{"line":14,"column":54}},{"start":{"line":15,"column":6},"end":{"line":15,"column":8}}],"line":13},"4":{"loc":{"start":{"line":21,"column":12},"end":{"line":21,"column":26}},"type":"binary-expr","locations":[{"start":{"line":21,"column":12},"end":{"line":21,"column":18}},{"start":{"line":21,"column":22},"end":{"line":21,"column":26}}],"line":21},"5":{"loc":{"start":{"line":25,"column":14},"end":{"line":25,"column":28}},"type":"binary-expr","locations":[{"start":{"line":25,"column":14},"end":{"line":25,"column":20}},{"start":{"line":25,"column":24},"end":{"line":25,"column":28}}],"line":25}},"s":{"0":1,"1":0,"2":1,"3":1,"4":1,"5":1},"f":{"0":1,"1":1},"b":{"0":[0],"1":[0,1],"2":[1,1],"3":[1,0],"4":[1,0],"5":[1,0]},"inputSourceMap":null,"_coverageSchema":"1a1c01bbd47fc00a2c39e90264f33305004495a9","hash":"ffba72ee75dccaac34a719bdb9b5a039ad00d393"}
,"/Users/gil/Documents/email-cleaner/email-cleaner-fastify/src/events/builders/newSuggestionsEvent.builder.js": {"path":"/Users/gil/Documents/email-cleaner/email-cleaner-fastify/src/events/builders/newSuggestionsEvent.builder.js","statementMap":{"0":{"start":{"line":48,"column":2},"end":{"line":50,"column":3}},"1":{"start":{"line":49,"column":4},"end":{"line":49,"column":71}},"2":{"start":{"line":52,"column":32},"end":{"line":52,"column":77}},"3":{"start":{"line":53,"column":17},"end":{"line":53,"column":41}},"4":{"start":{"line":56,"column":27},"end":{"line":60,"column":3}},"5":{"start":{"line":58,"column":4},"end":{"line":58,"column":74}},"6":{"start":{"line":64,"column":24},"end":{"line":72,"column":7}},"7":{"start":{"line":66,"column":20},"end":{"line":72,"column":5}},"8":{"start":{"line":74,"column":2},"end":{"line":89,"column":4}}},"fnMap":{"0":{"name":"buildNewSuggestionsEvent","decl":{"start":{"line":46,"column":16},"end":{"line":46,"column":40}},"loc":{"start":{"line":46,"column":66},"end":{"line":90,"column":1}},"line":46},"1":{"name":"(anonymous_1)","decl":{"start":{"line":57,"column":4},"end":{"line":57,"column":5}},"loc":{"start":{"line":58,"column":4},"end":{"line":58,"column":74}},"line":58},"2":{"name":"(anonymous_2)","decl":{"start":{"line":66,"column":9},"end":{"line":66,"column":10}},"loc":{"start":{"line":66,"column":20},"end":{"line":72,"column":5}},"line":66}},"branchMap":{"0":{"loc":{"start":{"line":48,"column":2},"end":{"line":50,"column":3}},"type":"if","locations":[{"start":{"line":48,"column":2},"end":{"line":50,"column":3}},{"start":{},"end":{}}],"line":48},"1":{"loc":{"start":{"line":48,"column":6},"end":{"line":48,"column":43}},"type":"binary-expr","locations":[{"start":{"line":48,"column":6},"end":{"line":48,"column":13}},{"start":{"line":48,"column":17},"end":{"line":48,"column":43}}],"line":48},"2":{"loc":{"start":{"line":52,"column":32},"end":{"line":52,"column":77}},"type":"cond-expr","locations":[{"start":{"line":52,"column":61},"end":{"line":52,"column":72}},{"start":{"line":52,"column":75},"end":{"line":52,"column":77}}],"line":52},"3":{"loc":{"start":{"line":58,"column":11},"end":{"line":58,"column":73}},"type":"cond-expr","locations":[{"start":{"line":58,"column":46},"end":{"line":58,"column":69}},{"start":{"line":58,"column":72},"end":{"line":58,"column":73}}],"line":58},"4":{"loc":{"start":{"line":67,"column":22},"end":{"line":67,"column":53}},"type":"binary-expr","locations":[{"start":{"line":67,"column":22},"end":{"line":67,"column":30}},{"start":{"line":67,"column":34},"end":{"line":67,"column":47}},{"start":{"line":67,"column":51},"end":{"line":67,"column":53}}],"line":67},"5":{"loc":{"start":{"line":68,"column":15},"end":{"line":68,"column":34}},"type":"binary-expr","locations":[{"start":{"line":68,"column":15},"end":{"line":68,"column":28}},{"start":{"line":68,"column":32},"end":{"line":68,"column":34}}],"line":68},"6":{"loc":{"start":{"line":69,"column":19},"end":{"line":71,"column":10}},"type":"cond-expr","locations":[{"start":{"line":70,"column":8},"end":{"line":70,"column":36}},{"start":{"line":71,"column":8},"end":{"line":71,"column":10}}],"line":69}},"s":{"0":4,"1":1,"2":3,"3":3,"4":3,"5":6,"6":3,"7":6,"8":3},"f":{"0":4,"1":6,"2":6},"b":{"0":[1,3],"1":[4,3],"2":[3,0],"3":[6,0],"4":[6,0,0],"5":[6,0],"6":[6,0]},"inputSourceMap":null,"_coverageSchema":"1a1c01bbd47fc00a2c39e90264f33305004495a9","hash":"bc46d784cf53d19da6ecdec61202f55707313431"}
,"/Users/gil/Documents/email-cleaner/email-cleaner-fastify/src/events/listeners/debugLogEvent.js": {"path":"/Users/gil/Documents/email-cleaner/email-cleaner-fastify/src/events/listeners/debugLogEvent.js","statementMap":{"0":{"start":{"line":4,"column":2},"end":{"line":9,"column":6}},"1":{"start":{"line":5,"column":6},"end":{"line":8,"column":12}}},"fnMap":{"0":{"name":"makeDebugLogEventListener","decl":{"start":{"line":3,"column":16},"end":{"line":3,"column":41}},"loc":{"start":{"line":3,"column":54},"end":{"line":10,"column":1}},"line":3},"1":{"name":"debugLogEvent","decl":{"start":{"line":4,"column":24},"end":{"line":4,"column":37}},"loc":{"start":{"line":4,"column":45},"end":{"line":9,"column":5}},"line":4}},"branchMap":{},"s":{"0":2,"1":1},"f":{"0":2,"1":1},"b":{},"inputSourceMap":null,"_coverageSchema":"1a1c01bbd47fc00a2c39e90264f33305004495a9","hash":"f0cf4f4f50d4114336aa0e32aefa906e0ac5b9e5"}
,"/Users/gil/Documents/email-cleaner/email-cleaner-fastify/src/events/listeners/saveToNotificationEvent.js": {"path":"/Users/gil/Documents/email-cleaner/email-cleaner-fastify/src/events/listeners/saveToNotificationEvent.js","statementMap":{"0":{"start":{"line":20,"column":14},"end":{"line":20,"column":64}},"1":{"start":{"line":22,"column":2},"end":{"line":49,"column":4}},"2":{"start":{"line":23,"column":17},"end":{"line":23,"column":34}},"3":{"start":{"line":24,"column":19},"end":{"line":24,"column":38}},"4":{"start":{"line":25,"column":20},"end":{"line":25,"column":40}},"5":{"start":{"line":27,"column":4},"end":{"line":30,"column":5}},"6":{"start":{"line":28,"column":6},"end":{"line":28,"column":85}},"7":{"start":{"line":29,"column":6},"end":{"line":29,"column":13}},"8":{"start":{"line":32,"column":4},"end":{"line":35,"column":5}},"9":{"start":{"line":33,"column":6},"end":{"line":33,"column":102}},"10":{"start":{"line":34,"column":6},"end":{"line":34,"column":13}},"11":{"start":{"line":37,"column":4},"end":{"line":43,"column":7}},"12":{"start":{"line":45,"column":4},"end":{"line":48,"column":6}}},"fnMap":{"0":{"name":"makeSaveToNotificationEventListener","decl":{"start":{"line":19,"column":16},"end":{"line":19,"column":51}},"loc":{"start":{"line":19,"column":72},"end":{"line":50,"column":1}},"line":19},"1":{"name":"saveToNotificationEvent","decl":{"start":{"line":22,"column":24},"end":{"line":22,"column":47}},"loc":{"start":{"line":22,"column":61},"end":{"line":49,"column":3}},"line":22}},"branchMap":{"0":{"loc":{"start":{"line":27,"column":4},"end":{"line":30,"column":5}},"type":"if","locations":[{"start":{"line":27,"column":4},"end":{"line":30,"column":5}},{"start":{},"end":{}}],"line":27},"1":{"loc":{"start":{"line":27,"column":8},"end":{"line":27,"column":24}},"type":"binary-expr","locations":[{"start":{"line":27,"column":8},"end":{"line":27,"column":13}},{"start":{"line":27,"column":17},"end":{"line":27,"column":24}}],"line":27},"2":{"loc":{"start":{"line":32,"column":4},"end":{"line":35,"column":5}},"type":"if","locations":[{"start":{"line":32,"column":4},"end":{"line":35,"column":5}},{"start":{},"end":{}}],"line":32}},"s":{"0":2,"1":2,"2":2,"3":2,"4":2,"5":2,"6":0,"7":0,"8":2,"9":0,"10":0,"11":2,"12":2},"f":{"0":2,"1":2},"b":{"0":[0,2],"1":[2,2],"2":[0,2]},"inputSourceMap":null,"_coverageSchema":"1a1c01bbd47fc00a2c39e90264f33305004495a9","hash":"9489c7bc72864b204b47c5a1939aef9966b5f9ef"}
,"/Users/gil/Documents/email-cleaner/email-cleaner-fastify/src/events/listeners/sendWebhookToN8NEvent.js": {"path":"/Users/gil/Documents/email-cleaner/email-cleaner-fastify/src/events/listeners/sendWebhookToN8NEvent.js","statementMap":{"0":{"start":{"line":2,"column":2},"end":{"line":5,"column":4}},"1":{"start":{"line":4,"column":4},"end":{"line":4,"column":80}}},"fnMap":{"0":{"name":"makeSendWebhookToN8NEvent","decl":{"start":{"line":1,"column":16},"end":{"line":1,"column":41}},"loc":{"start":{"line":1,"column":62},"end":{"line":6,"column":1}},"line":1},"1":{"name":"sendWebhookToN8NEvent","decl":{"start":{"line":2,"column":24},"end":{"line":2,"column":45}},"loc":{"start":{"line":2,"column":59},"end":{"line":5,"column":3}},"line":2}},"branchMap":{},"s":{"0":2,"1":1},"f":{"0":2,"1":1},"b":{},"inputSourceMap":null,"_coverageSchema":"1a1c01bbd47fc00a2c39e90264f33305004495a9","hash":"650527265969c808b8de4beefbb5cc2d2a8b802e"}
,"/Users/gil/Documents/email-cleaner/email-cleaner-fastify/src/events/subscribers/registerNotificationEventListeners.js": {"path":"/Users/gil/Documents/email-cleaner/email-cleaner-fastify/src/events/subscribers/registerNotificationEventListeners.js","statementMap":{"0":{"start":{"line":14,"column":34},"end":{"line":17,"column":4}},"1":{"start":{"line":19,"column":24},"end":{"line":19,"column":61}},"2":{"start":{"line":21,"column":27},"end":{"line":24,"column":4}},"3":{"start":{"line":26,"column":2},"end":{"line":26,"column":83}},"4":{"start":{"line":27,"column":2},"end":{"line":27,"column":82}},"5":{"start":{"line":28,"column":2},"end":{"line":28,"column":73}},"6":{"start":{"line":29,"column":2},"end":{"line":29,"column":76}},"7":{"start":{"line":30,"column":2},"end":{"line":30,"column":73}}},"fnMap":{"0":{"name":"registerNotificationEventListeners","decl":{"start":{"line":13,"column":16},"end":{"line":13,"column":50}},"loc":{"start":{"line":13,"column":81},"end":{"line":31,"column":1}},"line":13}},"branchMap":{},"s":{"0":2,"1":2,"2":2,"3":2,"4":2,"5":2,"6":2,"7":2},"f":{"0":2},"b":{},"inputSourceMap":null,"_coverageSchema":"1a1c01bbd47fc00a2c39e90264f33305004495a9","hash":"96b7f95d53938b8ebb8f3bf487d8c4b045f9862c"}
,"/Users/gil/Documents/email-cleaner/email-cleaner-fastify/src/middlewares/authMiddleware.js": {"path":"/Users/gil/Documents/email-cleaner/email-cleaner-fastify/src/middlewares/authMiddleware.js","statementMap":{"0":{"start":{"line":3,"column":21},"end":{"line":3,"column":89}},"1":{"start":{"line":4,"column":2},"end":{"line":7,"column":3}},"2":{"start":{"line":5,"column":4},"end":{"line":5,"column":70}},"3":{"start":{"line":6,"column":4},"end":{"line":6,"column":11}},"4":{"start":{"line":9,"column":16},"end":{"line":9,"column":56}},"5":{"start":{"line":10,"column":2},"end":{"line":12,"column":4}}},"fnMap":{"0":{"name":"(anonymous_0)","decl":{"start":{"line":2,"column":15},"end":{"line":2,"column":16}},"loc":{"start":{"line":2,"column":47},"end":{"line":13,"column":1}},"line":2}},"branchMap":{"0":{"loc":{"start":{"line":3,"column":21},"end":{"line":3,"column":89}},"type":"binary-expr","locations":[{"start":{"line":3,"column":21},"end":{"line":3,"column":53}},{"start":{"line":3,"column":57},"end":{"line":3,"column":89}}],"line":3},"1":{"loc":{"start":{"line":4,"column":2},"end":{"line":7,"column":3}},"type":"if","locations":[{"start":{"line":4,"column":2},"end":{"line":7,"column":3}},{"start":{},"end":{}}],"line":4},"2":{"loc":{"start":{"line":4,"column":6},"end":{"line":4,"column":54}},"type":"binary-expr","locations":[{"start":{"line":4,"column":6},"end":{"line":4,"column":17}},{"start":{"line":4,"column":21},"end":{"line":4,"column":54}}],"line":4}},"s":{"0":14,"1":14,"2":7,"3":7,"4":7,"5":7},"f":{"0":14},"b":{"0":[14,7],"1":[7,7],"2":[14,7]},"inputSourceMap":null,"_coverageSchema":"1a1c01bbd47fc00a2c39e90264f33305004495a9","hash":"41b6e3d7f32a7377dd25e27cd5f4173406da81d7"}
,"/Users/gil/Documents/email-cleaner/email-cleaner-fastify/src/queries/notifications/getNotificationSummaryForUser.js": {"path":"/Users/gil/Documents/email-cleaner/email-cleaner-fastify/src/queries/notifications/getNotificationSummaryForUser.js","statementMap":{"0":{"start":{"line":19,"column":2},"end":{"line":44,"column":4}}},"fnMap":{"0":{"name":"getNotificationSummaryForUser","decl":{"start":{"line":15,"column":22},"end":{"line":15,"column":51}},"loc":{"start":{"line":15,"column":72},"end":{"line":45,"column":1}},"line":15}},"branchMap":{},"s":{"0":1},"f":{"0":1},"b":{},"inputSourceMap":null,"_coverageSchema":"1a1c01bbd47fc00a2c39e90264f33305004495a9","hash":"47fab5808ed98090e8043f87c18106be84b75818"}
,"/Users/gil/Documents/email-cleaner/email-cleaner-fastify/src/queries/notifications/index.js": {"path":"/Users/gil/Documents/email-cleaner/email-cleaner-fastify/src/queries/notifications/index.js","statementMap":{},"fnMap":{},"branchMap":{},"s":{},"f":{},"b":{},"inputSourceMap":null,"_coverageSchema":"1a1c01bbd47fc00a2c39e90264f33305004495a9","hash":"dc839cdc5c3c1ba1409f6edf8effe535415856f5"}
,"/Users/gil/Documents/email-cleaner/email-cleaner-fastify/src/routes/emailRoutes.js": {"path":"/Users/gil/Documents/email-cleaner/email-cleaner-fastify/src/routes/emailRoutes.js","statementMap":{"0":{"start":{"line":7,"column":2},"end":{"line":23,"column":5}},"1":{"start":{"line":25,"column":2},"end":{"line":60,"column":17}}},"fnMap":{"0":{"name":"(anonymous_0)","decl":{"start":{"line":5,"column":15},"end":{"line":5,"column":16}},"loc":{"start":{"line":5,"column":46},"end":{"line":61,"column":1}},"line":5}},"branchMap":{},"s":{"0":1,"1":1},"f":{"0":1},"b":{},"inputSourceMap":null,"_coverageSchema":"1a1c01bbd47fc00a2c39e90264f33305004495a9","hash":"c380d3b387f4fa2579eae9b1d331766bca97fba1"}
,"/Users/gil/Documents/email-cleaner/email-cleaner-fastify/src/routes/notificationsRoutes.js": {"path":"/Users/gil/Documents/email-cleaner/email-cleaner-fastify/src/routes/notificationsRoutes.js","statementMap":{"0":{"start":{"line":9,"column":2},"end":{"line":33,"column":5}},"1":{"start":{"line":36,"column":2},"end":{"line":45,"column":5}},"2":{"start":{"line":48,"column":2},"end":{"line":58,"column":5}},"3":{"start":{"line":61,"column":2},"end":{"line":71,"column":5}},"4":{"start":{"line":72,"column":2},"end":{"line":81,"column":5}},"5":{"start":{"line":84,"column":2},"end":{"line":94,"column":5}},"6":{"start":{"line":96,"column":2},"end":{"line":105,"column":5}},"7":{"start":{"line":108,"column":2},"end":{"line":128,"column":17}},"8":{"start":{"line":131,"column":2},"end":{"line":144,"column":21}},"9":{"start":{"line":147,"column":2},"end":{"line":165,"column":17}},"10":{"start":{"line":168,"column":2},"end":{"line":188,"column":17}}},"fnMap":{"0":{"name":"(anonymous_0)","decl":{"start":{"line":7,"column":15},"end":{"line":7,"column":16}},"loc":{"start":{"line":7,"column":46},"end":{"line":189,"column":1}},"line":7}},"branchMap":{},"s":{"0":1,"1":1,"2":1,"3":1,"4":1,"5":1,"6":1,"7":1,"8":1,"9":1,"10":1},"f":{"0":1},"b":{},"inputSourceMap":null,"_coverageSchema":"1a1c01bbd47fc00a2c39e90264f33305004495a9","hash":"c707ba1d7af2def45eb65148e3f979b0bafb2901"}
,"/Users/gil/Documents/email-cleaner/email-cleaner-fastify/src/routes/suggestionRoutes.js": {"path":"/Users/gil/Documents/email-cleaner/email-cleaner-fastify/src/routes/suggestionRoutes.js","statementMap":{"0":{"start":{"line":5,"column":30},"end":{"line":29,"column":1}},"1":{"start":{"line":33,"column":4},"end":{"line":35,"column":5}},"2":{"start":{"line":34,"column":8},"end":{"line":34,"column":49}},"3":{"start":{"line":37,"column":4},"end":{"line":77,"column":7}}},"fnMap":{"0":{"name":"(anonymous_0)","decl":{"start":{"line":31,"column":15},"end":{"line":31,"column":16}},"loc":{"start":{"line":31,"column":46},"end":{"line":78,"column":1}},"line":31}},"branchMap":{"0":{"loc":{"start":{"line":33,"column":4},"end":{"line":35,"column":5}},"type":"if","locations":[{"start":{"line":33,"column":4},"end":{"line":35,"column":5}},{"start":{},"end":{}}],"line":33}},"s":{"0":1,"1":1,"2":1,"3":1},"f":{"0":1},"b":{"0":[1,0]},"inputSourceMap":null,"_coverageSchema":"1a1c01bbd47fc00a2c39e90264f33305004495a9","hash":"745211b817cb74d8d8954608427202b3dbd21726"}
,"/Users/gil/Documents/email-cleaner/email-cleaner-fastify/src/services/actionExecutor.js": {"path":"/Users/gil/Documents/email-cleaner/email-cleaner-fastify/src/services/actionExecutor.js","statementMap":{"0":{"start":{"line":5,"column":4},"end":{"line":5,"column":59}}},"fnMap":{"0":{"name":"executeGmailAction","decl":{"start":{"line":2,"column":22},"end":{"line":2,"column":40}},"loc":{"start":{"line":2,"column":50},"end":{"line":6,"column":1}},"line":2}},"branchMap":{},"s":{"0":1},"f":{"0":1},"b":{},"inputSourceMap":null,"_coverageSchema":"1a1c01bbd47fc00a2c39e90264f33305004495a9","hash":"ea292001a4d770a1db89691141d8c95926180c1f"}
,"/Users/gil/Documents/email-cleaner/email-cleaner-fastify/src/services/gmailService.js": {"path":"/Users/gil/Documents/email-cleaner/email-cleaner-fastify/src/services/gmailService.js","statementMap":{"0":{"start":{"line":5,"column":8},"end":{"line":5,"column":33}},"1":{"start":{"line":18,"column":22},"end":{"line":18,"column":71}},"2":{"start":{"line":20,"column":20},"end":{"line":24,"column":10}},"3":{"start":{"line":26,"column":25},"end":{"line":26,"column":48}},"4":{"start":{"line":27,"column":8},"end":{"line":27,"column":56}},"5":{"start":{"line":31,"column":20},"end":{"line":36,"column":10}},"6":{"start":{"line":38,"column":25},"end":{"line":38,"column":48}},"7":{"start":{"line":39,"column":23},"end":{"line":39,"column":69}},"8":{"start":{"line":41,"column":8},"end":{"line":45,"column":10}},"9":{"start":{"line":49,"column":22},"end":{"line":49,"column":24}},"10":{"start":{"line":50,"column":25},"end":{"line":50,"column":38}},"11":{"start":{"line":51,"column":8},"end":{"line":51,"column":42}},"12":{"start":{"line":51,"column":20},"end":{"line":51,"column":42}},"13":{"start":{"line":53,"column":8},"end":{"line":53,"column":67}},"14":{"start":{"line":53,"column":41},"end":{"line":53,"column":67}},"15":{"start":{"line":54,"column":8},"end":{"line":54,"column":81}},"16":{"start":{"line":54,"column":45},"end":{"line":54,"column":81}},"17":{"start":{"line":55,"column":8},"end":{"line":55,"column":87}},"18":{"start":{"line":55,"column":46},"end":{"line":55,"column":87}},"19":{"start":{"line":56,"column":8},"end":{"line":57,"column":96}},"20":{"start":{"line":57,"column":12},"end":{"line":57,"column":96}},"21":{"start":{"line":59,"column":8},"end":{"line":59,"column":39}},"22":{"start":{"line":64,"column":24},"end":{"line":64,"column":26}},"23":{"start":{"line":65,"column":8},"end":{"line":101,"column":9}},"24":{"start":{"line":66,"column":28},"end":{"line":71,"column":14}},"25":{"start":{"line":72,"column":28},"end":{"line":72,"column":54}},"26":{"start":{"line":73,"column":28},"end":{"line":76,"column":18}},"27":{"start":{"line":74,"column":16},"end":{"line":74,"column":52}},"28":{"start":{"line":75,"column":16},"end":{"line":75,"column":27}},"29":{"start":{"line":79,"column":16},"end":{"line":79,"column":80}},"30":{"start":{"line":79,"column":60},"end":{"line":79,"column":80}},"31":{"start":{"line":80,"column":16},"end":{"line":80,"column":72}},"32":{"start":{"line":80,"column":56},"end":{"line":80,"column":72}},"33":{"start":{"line":81,"column":16},"end":{"line":81,"column":74}},"34":{"start":{"line":81,"column":57},"end":{"line":81,"column":74}},"35":{"start":{"line":82,"column":16},"end":{"line":82,"column":72}},"36":{"start":{"line":82,"column":56},"end":{"line":82,"column":72}},"37":{"start":{"line":83,"column":16},"end":{"line":83,"column":63}},"38":{"start":{"line":83,"column":46},"end":{"line":83,"column":63}},"39":{"start":{"line":84,"column":16},"end":{"line":84,"column":33}},"40":{"start":{"line":86,"column":12},"end":{"line":100,"column":15}},"41":{"start":{"line":98,"column":66},"end":{"line":98,"column":103}},"42":{"start":{"line":102,"column":8},"end":{"line":102,"column":23}}},"fnMap":{"0":{"name":"(anonymous_0)","decl":{"start":{"line":4,"column":4},"end":{"line":4,"column":5}},"loc":{"start":{"line":4,"column":29},"end":{"line":6,"column":5}},"line":4},"1":{"name":"(anonymous_1)","decl":{"start":{"line":17,"column":4},"end":{"line":17,"column":5}},"loc":{"start":{"line":17,"column":68},"end":{"line":28,"column":5}},"line":17},"2":{"name":"(anonymous_2)","decl":{"start":{"line":30,"column":4},"end":{"line":30,"column":5}},"loc":{"start":{"line":30,"column":64},"end":{"line":46,"column":5}},"line":30},"3":{"name":"(anonymous_3)","decl":{"start":{"line":48,"column":4},"end":{"line":48,"column":5}},"loc":{"start":{"line":48,"column":49},"end":{"line":60,"column":5}},"line":48},"4":{"name":"(anonymous_4)","decl":{"start":{"line":62,"column":4},"end":{"line":62,"column":5}},"loc":{"start":{"line":62,"column":46},"end":{"line":103,"column":5}},"line":62},"5":{"name":"(anonymous_5)","decl":{"start":{"line":73,"column":59},"end":{"line":73,"column":60}},"loc":{"start":{"line":73,"column":71},"end":{"line":76,"column":13}},"line":73},"6":{"name":"detectCategoryFromLabels","decl":{"start":{"line":78,"column":21},"end":{"line":78,"column":45}},"loc":{"start":{"line":78,"column":54},"end":{"line":85,"column":13}},"line":78},"7":{"name":"(anonymous_7)","decl":{"start":{"line":98,"column":58},"end":{"line":98,"column":59}},"loc":{"start":{"line":98,"column":66},"end":{"line":98,"column":103}},"line":98}},"branchMap":{"0":{"loc":{"start":{"line":23,"column":24},"end":{"line":23,"column":40}},"type":"binary-expr","locations":[{"start":{"line":23,"column":24},"end":{"line":23,"column":34}},{"start":{"line":23,"column":38},"end":{"line":23,"column":40}}],"line":23},"1":{"loc":{"start":{"line":26,"column":25},"end":{"line":26,"column":48}},"type":"binary-expr","locations":[{"start":{"line":26,"column":25},"end":{"line":26,"column":42}},{"start":{"line":26,"column":46},"end":{"line":26,"column":48}}],"line":26},"2":{"loc":{"start":{"line":33,"column":15},"end":{"line":33,"column":26}},"type":"binary-expr","locations":[{"start":{"line":33,"column":15},"end":{"line":33,"column":20}},{"start":{"line":33,"column":24},"end":{"line":33,"column":26}}],"line":33},"3":{"loc":{"start":{"line":35,"column":24},"end":{"line":35,"column":40}},"type":"binary-expr","locations":[{"start":{"line":35,"column":24},"end":{"line":35,"column":34}},{"start":{"line":35,"column":38},"end":{"line":35,"column":40}}],"line":35},"4":{"loc":{"start":{"line":38,"column":25},"end":{"line":38,"column":48}},"type":"binary-expr","locations":[{"start":{"line":38,"column":25},"end":{"line":38,"column":42}},{"start":{"line":38,"column":46},"end":{"line":38,"column":48}}],"line":38},"5":{"loc":{"start":{"line":43,"column":27},"end":{"line":43,"column":57}},"type":"binary-expr","locations":[{"start":{"line":43,"column":27},"end":{"line":43,"column":49}},{"start":{"line":43,"column":53},"end":{"line":43,"column":57}}],"line":43},"6":{"loc":{"start":{"line":44,"column":19},"end":{"line":44,"column":51}},"type":"binary-expr","locations":[{"start":{"line":44,"column":19},"end":{"line":44,"column":46}},{"start":{"line":44,"column":50},"end":{"line":44,"column":51}}],"line":44},"7":{"loc":{"start":{"line":50,"column":25},"end":{"line":50,"column":38}},"type":"binary-expr","locations":[{"start":{"line":50,"column":25},"end":{"line":50,"column":32}},{"start":{"line":50,"column":36},"end":{"line":50,"column":38}}],"line":50},"8":{"loc":{"start":{"line":51,"column":8},"end":{"line":51,"column":42}},"type":"if","locations":[{"start":{"line":51,"column":8},"end":{"line":51,"column":42}},{"start":{},"end":{}}],"line":51},"9":{"loc":{"start":{"line":53,"column":8},"end":{"line":53,"column":67}},"type":"if","locations":[{"start":{"line":53,"column":8},"end":{"line":53,"column":67}},{"start":{},"end":{}}],"line":53},"10":{"loc":{"start":{"line":54,"column":8},"end":{"line":54,"column":81}},"type":"if","locations":[{"start":{"line":54,"column":8},"end":{"line":54,"column":81}},{"start":{},"end":{}}],"line":54},"11":{"loc":{"start":{"line":55,"column":8},"end":{"line":55,"column":87}},"type":"if","locations":[{"start":{"line":55,"column":8},"end":{"line":55,"column":87}},{"start":{},"end":{}}],"line":55},"12":{"loc":{"start":{"line":56,"column":8},"end":{"line":57,"column":96}},"type":"if","locations":[{"start":{"line":56,"column":8},"end":{"line":57,"column":96}},{"start":{},"end":{}}],"line":56},"13":{"loc":{"start":{"line":57,"column":35},"end":{"line":57,"column":92}},"type":"cond-expr","locations":[{"start":{"line":57,"column":48},"end":{"line":57,"column":77}},{"start":{"line":57,"column":80},"end":{"line":57,"column":92}}],"line":57},"14":{"loc":{"start":{"line":59,"column":15},"end":{"line":59,"column":38}},"type":"binary-expr","locations":[{"start":{"line":59,"column":15},"end":{"line":59,"column":32}},{"start":{"line":59,"column":36},"end":{"line":59,"column":38}}],"line":59},"15":{"loc":{"start":{"line":72,"column":28},"end":{"line":72,"column":54}},"type":"binary-expr","locations":[{"start":{"line":72,"column":28},"end":{"line":72,"column":48}},{"start":{"line":72,"column":52},"end":{"line":72,"column":54}}],"line":72},"16":{"loc":{"start":{"line":73,"column":29},"end":{"line":73,"column":50}},"type":"binary-expr","locations":[{"start":{"line":73,"column":29},"end":{"line":73,"column":44}},{"start":{"line":73,"column":48},"end":{"line":73,"column":50}}],"line":73},"17":{"loc":{"start":{"line":79,"column":16},"end":{"line":79,"column":80}},"type":"if","locations":[{"start":{"line":79,"column":16},"end":{"line":79,"column":80}},{"start":{},"end":{}}],"line":79},"18":{"loc":{"start":{"line":80,"column":16},"end":{"line":80,"column":72}},"type":"if","locations":[{"start":{"line":80,"column":16},"end":{"line":80,"column":72}},{"start":{},"end":{}}],"line":80},"19":{"loc":{"start":{"line":81,"column":16},"end":{"line":81,"column":74}},"type":"if","locations":[{"start":{"line":81,"column":16},"end":{"line":81,"column":74}},{"start":{},"end":{}}],"line":81},"20":{"loc":{"start":{"line":82,"column":16},"end":{"line":82,"column":72}},"type":"if","locations":[{"start":{"line":82,"column":16},"end":{"line":82,"column":72}},{"start":{},"end":{}}],"line":82},"21":{"loc":{"start":{"line":83,"column":16},"end":{"line":83,"column":63}},"type":"if","locations":[{"start":{"line":83,"column":16},"end":{"line":83,"column":63}},{"start":{},"end":{}}],"line":83},"22":{"loc":{"start":{"line":88,"column":25},"end":{"line":88,"column":46}},"type":"binary-expr","locations":[{"start":{"line":88,"column":25},"end":{"line":88,"column":40}},{"start":{"line":88,"column":44},"end":{"line":88,"column":46}}],"line":88},"23":{"loc":{"start":{"line":89,"column":22},"end":{"line":89,"column":40}},"type":"binary-expr","locations":[{"start":{"line":89,"column":22},"end":{"line":89,"column":34}},{"start":{"line":89,"column":38},"end":{"line":89,"column":40}}],"line":89},"24":{"loc":{"start":{"line":90,"column":22},"end":{"line":90,"column":40}},"type":"binary-expr","locations":[{"start":{"line":90,"column":22},"end":{"line":90,"column":34}},{"start":{"line":90,"column":38},"end":{"line":90,"column":40}}],"line":90},"25":{"loc":{"start":{"line":91,"column":24},"end":{"line":91,"column":51}},"type":"binary-expr","locations":[{"start":{"line":91,"column":24},"end":{"line":91,"column":45}},{"start":{"line":91,"column":49},"end":{"line":91,"column":51}}],"line":91},"26":{"loc":{"start":{"line":93,"column":51},"end":{"line":93,"column":78}},"type":"binary-expr","locations":[{"start":{"line":93,"column":51},"end":{"line":93,"column":72}},{"start":{"line":93,"column":76},"end":{"line":93,"column":78}}],"line":93},"27":{"loc":{"start":{"line":94,"column":34},"end":{"line":96,"column":23}},"type":"cond-expr","locations":[{"start":{"line":95,"column":22},"end":{"line":95,"column":63}},{"start":{"line":96,"column":22},"end":{"line":96,"column":23}}],"line":94},"28":{"loc":{"start":{"line":98,"column":32},"end":{"line":98,"column":51}},"type":"binary-expr","locations":[{"start":{"line":98,"column":32},"end":{"line":98,"column":45}},{"start":{"line":98,"column":49},"end":{"line":98,"column":51}}],"line":98},"29":{"loc":{"start":{"line":98,"column":66},"end":{"line":98,"column":103}},"type":"binary-expr","locations":[{"start":{"line":98,"column":66},"end":{"line":98,"column":79}},{"start":{"line":98,"column":83},"end":{"line":98,"column":103}}],"line":98}},"s":{"0":1,"1":1,"2":1,"3":1,"4":1,"5":0,"6":0,"7":0,"8":0,"9":1,"10":1,"11":1,"12":1,"13":1,"14":1,"15":1,"16":1,"17":1,"18":1,"19":1,"20":1,"21":1,"22":1,"23":1,"24":2,"25":2,"26":2,"27":3,"28":3,"29":2,"30":1,"31":1,"32":0,"33":1,"34":0,"35":1,"36":0,"37":1,"38":1,"39":0,"40":2,"41":2,"42":1},"f":{"0":1,"1":1,"2":0,"3":1,"4":1,"5":3,"6":2,"7":2},"b":{"0":[1,0],"1":[1,0],"2":[0,0],"3":[0,0],"4":[0,0],"5":[0,0],"6":[0,0],"7":[1,0],"8":[1,0],"9":[1,0],"10":[1,0],"11":[1,0],"12":[1,0],"13":[1,0],"14":[1,0],"15":[2,0],"16":[2,0],"17":[1,1],"18":[0,1],"19":[0,1],"20":[0,1],"21":[1,0],"22":[2,1],"23":[2,1],"24":[2,1],"25":[2,0],"26":[2,0],"27":[2,0],"28":[2,0],"29":[2,1]},"inputSourceMap":null,"_coverageSchema":"1a1c01bbd47fc00a2c39e90264f33305004495a9","hash":"61b7700cf6274a413849a9670ee1c818da657ccd"}
,"/Users/gil/Documents/email-cleaner/email-cleaner-fastify/src/services/googleAuthService.js": {"path":"/Users/gil/Documents/email-cleaner/email-cleaner-fastify/src/services/googleAuthService.js","statementMap":{"0":{"start":{"line":9,"column":19},"end":{"line":9,"column":47}},"1":{"start":{"line":10,"column":23},"end":{"line":10,"column":55}},"2":{"start":{"line":11,"column":22},"end":{"line":11,"column":53}},"3":{"start":{"line":13,"column":2},"end":{"line":13,"column":69}},"4":{"start":{"line":21,"column":2},"end":{"line":23,"column":3}},"5":{"start":{"line":22,"column":4},"end":{"line":22,"column":79}},"6":{"start":{"line":25,"column":23},"end":{"line":25,"column":43}},"7":{"start":{"line":27,"column":2},"end":{"line":34,"column":5}},"8":{"start":{"line":36,"column":2},"end":{"line":39,"column":5}},"9":{"start":{"line":50,"column":2},"end":{"line":52,"column":3}},"10":{"start":{"line":51,"column":4},"end":{"line":51,"column":62}},"11":{"start":{"line":54,"column":2},"end":{"line":56,"column":3}},"12":{"start":{"line":55,"column":4},"end":{"line":55,"column":72}},"13":{"start":{"line":58,"column":16},"end":{"line":58,"column":35}},"14":{"start":{"line":59,"column":22},"end":{"line":59,"column":63}},"15":{"start":{"line":61,"column":2},"end":{"line":63,"column":3}},"16":{"start":{"line":62,"column":4},"end":{"line":62,"column":72}},"17":{"start":{"line":65,"column":2},"end":{"line":65,"column":49}}},"fnMap":{"0":{"name":"createOAuth2Client","decl":{"start":{"line":8,"column":16},"end":{"line":8,"column":34}},"loc":{"start":{"line":8,"column":37},"end":{"line":14,"column":1}},"line":8},"1":{"name":"createGmailClientFromToken","decl":{"start":{"line":20,"column":16},"end":{"line":20,"column":42}},"loc":{"start":{"line":20,"column":56},"end":{"line":40,"column":1}},"line":20},"2":{"name":"getGmailClientForUser","decl":{"start":{"line":49,"column":22},"end":{"line":49,"column":43}},"loc":{"start":{"line":49,"column":59},"end":{"line":66,"column":1}},"line":49}},"branchMap":{"0":{"loc":{"start":{"line":21,"column":2},"end":{"line":23,"column":3}},"type":"if","locations":[{"start":{"line":21,"column":2},"end":{"line":23,"column":3}},{"start":{},"end":{}}],"line":21},"1":{"loc":{"start":{"line":31,"column":17},"end":{"line":33,"column":17}},"type":"cond-expr","locations":[{"start":{"line":32,"column":8},"end":{"line":32,"column":51}},{"start":{"line":33,"column":8},"end":{"line":33,"column":17}}],"line":31},"2":{"loc":{"start":{"line":50,"column":2},"end":{"line":52,"column":3}},"type":"if","locations":[{"start":{"line":50,"column":2},"end":{"line":52,"column":3}},{"start":{},"end":{}}],"line":50},"3":{"loc":{"start":{"line":50,"column":6},"end":{"line":50,"column":55}},"type":"binary-expr","locations":[{"start":{"line":50,"column":6},"end":{"line":50,"column":13}},{"start":{"line":50,"column":17},"end":{"line":50,"column":31}},{"start":{"line":50,"column":35},"end":{"line":50,"column":55}}],"line":50},"4":{"loc":{"start":{"line":54,"column":2},"end":{"line":56,"column":3}},"type":"if","locations":[{"start":{"line":54,"column":2},"end":{"line":56,"column":3}},{"start":{},"end":{}}],"line":54},"5":{"loc":{"start":{"line":61,"column":2},"end":{"line":63,"column":3}},"type":"if","locations":[{"start":{"line":61,"column":2},"end":{"line":63,"column":3}},{"start":{},"end":{}}],"line":61}},"s":{"0":3,"1":3,"2":3,"3":3,"4":3,"5":1,"6":2,"7":2,"8":2,"9":2,"10":0,"11":2,"12":0,"13":2,"14":2,"15":2,"16":1,"17":1},"f":{"0":3,"1":3,"2":2},"b":{"0":[1,2],"1":[2,0],"2":[0,2],"3":[2,2,2],"4":[0,2],"5":[1,1]},"inputSourceMap":null,"_coverageSchema":"1a1c01bbd47fc00a2c39e90264f33305004495a9","hash":"c1c2ee8337684c3e4cb25d52d14aa823e50691cc"}
,"/Users/gil/Documents/email-cleaner/email-cleaner-fastify/src/services/mlClient.js": {"path":"/Users/gil/Documents/email-cleaner/email-cleaner-fastify/src/services/mlClient.js","statementMap":{"0":{"start":{"line":16,"column":20},"end":{"line":16,"column":70}},"1":{"start":{"line":21,"column":27},"end":{"line":21,"column":70}},"2":{"start":{"line":31,"column":22},"end":{"line":31,"column":53}},"3":{"start":{"line":32,"column":22},"end":{"line":32,"column":62}},"4":{"start":{"line":33,"column":2},"end":{"line":33,"column":40}},"5":{"start":{"line":48,"column":20},"end":{"line":48,"column":67}},"6":{"start":{"line":49,"column":14},"end":{"line":49,"column":30}},"7":{"start":{"line":51,"column":21},"end":{"line":51,"column":42}},"8":{"start":{"line":52,"column":20},"end":{"line":52,"column":67}},"9":{"start":{"line":52,"column":37},"end":{"line":52,"column":55}},"10":{"start":{"line":54,"column":2},"end":{"line":103,"column":3}},"11":{"start":{"line":55,"column":21},"end":{"line":62,"column":6}},"12":{"start":{"line":64,"column":4},"end":{"line":78,"column":5}},"13":{"start":{"line":66,"column":22},"end":{"line":66,"column":26}},"14":{"start":{"line":67,"column":6},"end":{"line":71,"column":7}},"15":{"start":{"line":68,"column":8},"end":{"line":68,"column":42}},"16":{"start":{"line":73,"column":20},"end":{"line":73,"column":84}},"17":{"start":{"line":74,"column":6},"end":{"line":74,"column":36}},"18":{"start":{"line":75,"column":6},"end":{"line":75,"column":41}},"19":{"start":{"line":76,"column":6},"end":{"line":76,"column":29}},"20":{"start":{"line":77,"column":6},"end":{"line":77,"column":18}},"21":{"start":{"line":81,"column":4},"end":{"line":81,"column":33}},"22":{"start":{"line":84,"column":4},"end":{"line":89,"column":5}},"23":{"start":{"line":85,"column":27},"end":{"line":85,"column":79}},"24":{"start":{"line":86,"column":6},"end":{"line":86,"column":50}},"25":{"start":{"line":87,"column":6},"end":{"line":87,"column":39}},"26":{"start":{"line":88,"column":6},"end":{"line":88,"column":25}},"27":{"start":{"line":92,"column":4},"end":{"line":94,"column":5}},"28":{"start":{"line":93,"column":6},"end":{"line":93,"column":16}},"29":{"start":{"line":97,"column":25},"end":{"line":97,"column":78}},"30":{"start":{"line":98,"column":4},"end":{"line":98,"column":48}},"31":{"start":{"line":99,"column":4},"end":{"line":99,"column":29}},"32":{"start":{"line":100,"column":4},"end":{"line":100,"column":23}},"33":{"start":{"line":102,"column":4},"end":{"line":102,"column":28}},"34":{"start":{"line":121,"column":2},"end":{"line":123,"column":3}},"35":{"start":{"line":122,"column":4},"end":{"line":122,"column":69}},"36":{"start":{"line":125,"column":15},"end":{"line":125,"column":44}},"37":{"start":{"line":126,"column":18},"end":{"line":126,"column":24}},"38":{"start":{"line":128,"column":2},"end":{"line":128,"column":42}}},"fnMap":{"0":{"name":"buildMlUrl","decl":{"start":{"line":30,"column":9},"end":{"line":30,"column":19}},"loc":{"start":{"line":30,"column":26},"end":{"line":34,"column":1}},"line":30},"1":{"name":"postJson","decl":{"start":{"line":47,"column":15},"end":{"line":47,"column":23}},"loc":{"start":{"line":47,"column":50},"end":{"line":104,"column":1}},"line":47},"2":{"name":"(anonymous_2)","decl":{"start":{"line":52,"column":31},"end":{"line":52,"column":32}},"loc":{"start":{"line":52,"column":37},"end":{"line":52,"column":55}},"line":52},"3":{"name":"classifyEmails","decl":{"start":{"line":120,"column":15},"end":{"line":120,"column":29}},"loc":{"start":{"line":120,"column":52},"end":{"line":129,"column":1}},"line":120}},"branchMap":{"0":{"loc":{"start":{"line":16,"column":20},"end":{"line":16,"column":70}},"type":"binary-expr","locations":[{"start":{"line":16,"column":20},"end":{"line":16,"column":43}},{"start":{"line":16,"column":47},"end":{"line":16,"column":70}}],"line":16},"1":{"loc":{"start":{"line":21,"column":34},"end":{"line":21,"column":69}},"type":"binary-expr","locations":[{"start":{"line":21,"column":34},"end":{"line":21,"column":59}},{"start":{"line":21,"column":63},"end":{"line":21,"column":69}}],"line":21},"2":{"loc":{"start":{"line":32,"column":22},"end":{"line":32,"column":62}},"type":"cond-expr","locations":[{"start":{"line":32,"column":45},"end":{"line":32,"column":49}},{"start":{"line":32,"column":52},"end":{"line":32,"column":62}}],"line":32},"3":{"loc":{"start":{"line":47,"column":36},"end":{"line":47,"column":48}},"type":"default-arg","locations":[{"start":{"line":47,"column":46},"end":{"line":47,"column":48}}],"line":47},"4":{"loc":{"start":{"line":48,"column":27},"end":{"line":48,"column":66}},"type":"binary-expr","locations":[{"start":{"line":48,"column":27},"end":{"line":48,"column":44}},{"start":{"line":48,"column":48},"end":{"line":48,"column":66}}],"line":48},"5":{"loc":{"start":{"line":64,"column":4},"end":{"line":78,"column":5}},"type":"if","locations":[{"start":{"line":64,"column":4},"end":{"line":78,"column":5}},{"start":{},"end":{}}],"line":64},"6":{"loc":{"start":{"line":84,"column":4},"end":{"line":89,"column":5}},"type":"if","locations":[{"start":{"line":84,"column":4},"end":{"line":89,"column":5}},{"start":{},"end":{}}],"line":84},"7":{"loc":{"start":{"line":92,"column":4},"end":{"line":94,"column":5}},"type":"if","locations":[{"start":{"line":92,"column":4},"end":{"line":94,"column":5}},{"start":{},"end":{}}],"line":92},"8":{"loc":{"start":{"line":120,"column":38},"end":{"line":120,"column":50}},"type":"default-arg","locations":[{"start":{"line":120,"column":48},"end":{"line":120,"column":50}}],"line":120},"9":{"loc":{"start":{"line":121,"column":2},"end":{"line":123,"column":3}},"type":"if","locations":[{"start":{"line":121,"column":2},"end":{"line":123,"column":3}},{"start":{},"end":{}}],"line":121},"10":{"loc":{"start":{"line":125,"column":15},"end":{"line":125,"column":44}},"type":"binary-expr","locations":[{"start":{"line":125,"column":15},"end":{"line":125,"column":27}},{"start":{"line":125,"column":31},"end":{"line":125,"column":44}}],"line":125}},"s":{"0":8,"1":8,"2":9,"3":9,"4":9,"5":7,"6":7,"7":7,"8":7,"9":0,"10":7,"11":7,"12":4,"13":2,"14":2,"15":2,"16":2,"17":2,"18":2,"19":2,"20":2,"21":2,"22":5,"23":1,"24":1,"25":1,"26":1,"27":4,"28":2,"29":2,"30":2,"31":2,"32":2,"33":7,"34":3,"35":2,"36":1,"37":1,"38":1},"f":{"0":9,"1":7,"2":0,"3":3},"b":{"0":[8,1],"1":[8,7],"2":[8,1],"3":[5],"4":[7,6],"5":[2,2],"6":[1,4],"7":[2,2],"8":[3],"9":[2,1],"10":[1,1]},"inputSourceMap":null,"_coverageSchema":"1a1c01bbd47fc00a2c39e90264f33305004495a9","hash":"75a6f158e1a8bbc01138cf3cdf807ef9e8ad754b"}
,"/Users/gil/Documents/email-cleaner/email-cleaner-fastify/src/services/notificationEventsService.js": {"path":"/Users/gil/Documents/email-cleaner/email-cleaner-fastify/src/services/notificationEventsService.js","statementMap":{"0":{"start":{"line":3,"column":41},"end":{"line":44,"column":2}},"1":{"start":{"line":3,"column":76},"end":{"line":44,"column":1}},"2":{"start":{"line":8,"column":16},"end":{"line":8,"column":66}},"3":{"start":{"line":9,"column":4},"end":{"line":9,"column":32}},"4":{"start":{"line":16,"column":30},"end":{"line":16,"column":55}},"5":{"start":{"line":17,"column":4},"end":{"line":19,"column":5}},"6":{"start":{"line":18,"column":6},"end":{"line":18,"column":82}},"7":{"start":{"line":21,"column":18},"end":{"line":21,"column":20}},"8":{"start":{"line":22,"column":4},"end":{"line":22,"column":32}},"9":{"start":{"line":22,"column":14},"end":{"line":22,"column":32}},"10":{"start":{"line":23,"column":4},"end":{"line":23,"column":38}},"11":{"start":{"line":23,"column":16},"end":{"line":23,"column":38}},"12":{"start":{"line":25,"column":21},"end":{"line":25,"column":38}},"13":{"start":{"line":26,"column":24},"end":{"line":26,"column":45}},"14":{"start":{"line":27,"column":18},"end":{"line":27,"column":29}},"15":{"start":{"line":28,"column":19},"end":{"line":28,"column":47}},"16":{"start":{"line":30,"column":19},"end":{"line":35,"column":6}},"17":{"start":{"line":37,"column":4},"end":{"line":42,"column":6}},"18":{"start":{"line":41,"column":36},"end":{"line":41,"column":83}}},"fnMap":{"0":{"name":"(anonymous_0)","decl":{"start":{"line":3,"column":41},"end":{"line":3,"column":42}},"loc":{"start":{"line":3,"column":76},"end":{"line":44,"column":1}},"line":3},"1":{"name":"(anonymous_1)","decl":{"start":{"line":7,"column":2},"end":{"line":7,"column":3}},"loc":{"start":{"line":7,"column":24},"end":{"line":10,"column":3}},"line":7},"2":{"name":"(anonymous_2)","decl":{"start":{"line":15,"column":2},"end":{"line":15,"column":3}},"loc":{"start":{"line":15,"column":60},"end":{"line":43,"column":3}},"line":15},"3":{"name":"(anonymous_3)","decl":{"start":{"line":41,"column":28},"end":{"line":41,"column":29}},"loc":{"start":{"line":41,"column":36},"end":{"line":41,"column":83}},"line":41}},"branchMap":{"0":{"loc":{"start":{"line":15,"column":13},"end":{"line":15,"column":58}},"type":"default-arg","locations":[{"start":{"line":15,"column":56},"end":{"line":15,"column":58}}],"line":15},"1":{"loc":{"start":{"line":15,"column":15},"end":{"line":15,"column":23}},"type":"default-arg","locations":[{"start":{"line":15,"column":22},"end":{"line":15,"column":23}}],"line":15},"2":{"loc":{"start":{"line":15,"column":25},"end":{"line":15,"column":37}},"type":"default-arg","locations":[{"start":{"line":15,"column":35},"end":{"line":15,"column":37}}],"line":15},"3":{"loc":{"start":{"line":17,"column":4},"end":{"line":19,"column":5}},"type":"if","locations":[{"start":{"line":17,"column":4},"end":{"line":19,"column":5}},{"start":{},"end":{}}],"line":17},"4":{"loc":{"start":{"line":22,"column":4},"end":{"line":22,"column":32}},"type":"if","locations":[{"start":{"line":22,"column":4},"end":{"line":22,"column":32}},{"start":{},"end":{}}],"line":22},"5":{"loc":{"start":{"line":23,"column":4},"end":{"line":23,"column":38}},"type":"if","locations":[{"start":{"line":23,"column":4},"end":{"line":23,"column":38}},{"start":{},"end":{}}],"line":23},"6":{"loc":{"start":{"line":25,"column":21},"end":{"line":25,"column":38}},"type":"binary-expr","locations":[{"start":{"line":25,"column":21},"end":{"line":25,"column":33}},{"start":{"line":25,"column":37},"end":{"line":25,"column":38}}],"line":25},"7":{"loc":{"start":{"line":26,"column":24},"end":{"line":26,"column":45}},"type":"binary-expr","locations":[{"start":{"line":26,"column":24},"end":{"line":26,"column":39}},{"start":{"line":26,"column":43},"end":{"line":26,"column":45}}],"line":26},"8":{"loc":{"start":{"line":41,"column":36},"end":{"line":41,"column":83}},"type":"cond-expr","locations":[{"start":{"line":41,"column":69},"end":{"line":41,"column":79}},{"start":{"line":41,"column":82},"end":{"line":41,"column":83}}],"line":41}},"s":{"0":1,"1":1,"2":0,"3":0,"4":1,"5":1,"6":0,"7":1,"8":1,"9":1,"10":1,"11":1,"12":1,"13":1,"14":1,"15":1,"16":1,"17":1,"18":1},"f":{"0":1,"1":0,"2":1,"3":1},"b":{"0":[0],"1":[0],"2":[0],"3":[0,1],"4":[1,0],"5":[1,0],"6":[1,0],"7":[1,0],"8":[1,0]},"inputSourceMap":null,"_coverageSchema":"1a1c01bbd47fc00a2c39e90264f33305004495a9","hash":"0cc9061ef883dbf08e5b97ef563cad2a77398309"}
,"/Users/gil/Documents/email-cleaner/email-cleaner-fastify/src/services/notificationsService.js": {"path":"/Users/gil/Documents/email-cleaner/email-cleaner-fastify/src/services/notificationsService.js","statementMap":{"0":{"start":{"line":8,"column":36},"end":{"line":76,"column":2}},"1":{"start":{"line":8,"column":71},"end":{"line":76,"column":1}},"2":{"start":{"line":19,"column":24},"end":{"line":22,"column":6}},"3":{"start":{"line":25,"column":4},"end":{"line":28,"column":5}},"4":{"start":{"line":26,"column":26},"end":{"line":26,"column":75}},"5":{"start":{"line":27,"column":6},"end":{"line":27,"column":79}},"6":{"start":{"line":31,"column":4},"end":{"line":31,"column":23}},"7":{"start":{"line":36,"column":20},"end":{"line":36,"column":22}},"8":{"start":{"line":38,"column":4},"end":{"line":55,"column":5}},"9":{"start":{"line":39,"column":24},"end":{"line":39,"column":28}},"10":{"start":{"line":41,"column":6},"end":{"line":43,"column":7}},"11":{"start":{"line":42,"column":8},"end":{"line":42,"column":56}},"12":{"start":{"line":45,"column":6},"end":{"line":54,"column":9}},"13":{"start":{"line":57,"column":26},"end":{"line":64,"column":6}},"14":{"start":{"line":66,"column":4},"end":{"line":71,"column":6}},"15":{"start":{"line":74,"column":4},"end":{"line":74,"column":61}}},"fnMap":{"0":{"name":"(anonymous_0)","decl":{"start":{"line":8,"column":36},"end":{"line":8,"column":37}},"loc":{"start":{"line":8,"column":71},"end":{"line":76,"column":1}},"line":8},"1":{"name":"(anonymous_1)","decl":{"start":{"line":17,"column":2},"end":{"line":17,"column":3}},"loc":{"start":{"line":17,"column":57},"end":{"line":32,"column":3}},"line":17},"2":{"name":"(anonymous_2)","decl":{"start":{"line":35,"column":2},"end":{"line":35,"column":3}},"loc":{"start":{"line":35,"column":53},"end":{"line":72,"column":3}},"line":35},"3":{"name":"(anonymous_3)","decl":{"start":{"line":73,"column":2},"end":{"line":73,"column":3}},"loc":{"start":{"line":73,"column":53},"end":{"line":75,"column":3}},"line":73}},"branchMap":{"0":{"loc":{"start":{"line":17,"column":26},"end":{"line":17,"column":55}},"type":"default-arg","locations":[{"start":{"line":17,"column":53},"end":{"line":17,"column":55}}],"line":17},"1":{"loc":{"start":{"line":17,"column":28},"end":{"line":17,"column":48}},"type":"default-arg","locations":[{"start":{"line":17,"column":37},"end":{"line":17,"column":48}}],"line":17},"2":{"loc":{"start":{"line":25,"column":4},"end":{"line":28,"column":5}},"type":"if","locations":[{"start":{"line":25,"column":4},"end":{"line":28,"column":5}},{"start":{},"end":{}}],"line":25},"3":{"loc":{"start":{"line":25,"column":8},"end":{"line":25,"column":81}},"type":"binary-expr","locations":[{"start":{"line":25,"column":8},"end":{"line":25,"column":34}},{"start":{"line":25,"column":38},"end":{"line":25,"column":60}},{"start":{"line":25,"column":64},"end":{"line":25,"column":81}}],"line":25},"4":{"loc":{"start":{"line":41,"column":6},"end":{"line":43,"column":7}},"type":"if","locations":[{"start":{"line":41,"column":6},"end":{"line":43,"column":7}},{"start":{},"end":{}}],"line":41},"5":{"loc":{"start":{"line":52,"column":16},"end":{"line":52,"column":62}},"type":"cond-expr","locations":[{"start":{"line":52,"column":38},"end":{"line":52,"column":49}},{"start":{"line":52,"column":52},"end":{"line":52,"column":62}}],"line":52}},"s":{"0":2,"1":3,"2":1,"3":1,"4":1,"5":1,"6":1,"7":1,"8":1,"9":1,"10":1,"11":1,"12":1,"13":1,"14":1,"15":1},"f":{"0":3,"1":1,"2":1,"3":1},"b":{"0":[0],"1":[0],"2":[1,0],"3":[1,1,1],"4":[1,0],"5":[1,0]},"inputSourceMap":null,"_coverageSchema":"1a1c01bbd47fc00a2c39e90264f33305004495a9","hash":"67f3b28fa3caea5cf53a7e88f861b8f3fa5fc6e2"}
,"/Users/gil/Documents/email-cleaner/email-cleaner-fastify/src/services/suggestionService.js": {"path":"/Users/gil/Documents/email-cleaner/email-cleaner-fastify/src/services/suggestionService.js","statementMap":{"0":{"start":{"line":24,"column":2},"end":{"line":26,"column":3}},"1":{"start":{"line":25,"column":4},"end":{"line":25,"column":14}},"2":{"start":{"line":30,"column":2},"end":{"line":47,"column":3}},"3":{"start":{"line":31,"column":16},"end":{"line":31,"column":18}},"4":{"start":{"line":33,"column":4},"end":{"line":44,"column":5}},"5":{"start":{"line":34,"column":6},"end":{"line":34,"column":54}},"6":{"start":{"line":34,"column":45},"end":{"line":34,"column":54}},"7":{"start":{"line":36,"column":22},"end":{"line":36,"column":43}},"8":{"start":{"line":37,"column":6},"end":{"line":37,"column":29}},"9":{"start":{"line":37,"column":20},"end":{"line":37,"column":29}},"10":{"start":{"line":39,"column":26},"end":{"line":41,"column":12}},"11":{"start":{"line":43,"column":6},"end":{"line":43,"column":33}},"12":{"start":{"line":46,"column":4},"end":{"line":46,"column":15}},"13":{"start":{"line":49,"column":2},"end":{"line":57,"column":3}},"14":{"start":{"line":56,"column":4},"end":{"line":56,"column":31}},"15":{"start":{"line":59,"column":2},"end":{"line":61,"column":3}},"16":{"start":{"line":60,"column":4},"end":{"line":60,"column":15}},"17":{"start":{"line":63,"column":2},"end":{"line":63,"column":12}},"18":{"start":{"line":78,"column":2},"end":{"line":80,"column":3}},"19":{"start":{"line":79,"column":4},"end":{"line":79,"column":14}},"20":{"start":{"line":82,"column":28},"end":{"line":82,"column":31}},"21":{"start":{"line":84,"column":2},"end":{"line":117,"column":5}},"22":{"start":{"line":85,"column":4},"end":{"line":101,"column":5}},"23":{"start":{"line":86,"column":6},"end":{"line":98,"column":7}},"24":{"start":{"line":87,"column":23},"end":{"line":87,"column":36}},"25":{"start":{"line":88,"column":8},"end":{"line":95,"column":9}},"26":{"start":{"line":89,"column":25},"end":{"line":89,"column":51}},"27":{"start":{"line":90,"column":32},"end":{"line":90,"column":84}},"28":{"start":{"line":91,"column":35},"end":{"line":93,"column":31}},"29":{"start":{"line":94,"column":10},"end":{"line":94,"column":72}},"30":{"start":{"line":100,"column":6},"end":{"line":100,"column":90}},"31":{"start":{"line":103,"column":4},"end":{"line":110,"column":5}},"32":{"start":{"line":104,"column":21},"end":{"line":104,"column":42}},"33":{"start":{"line":105,"column":28},"end":{"line":105,"column":70}},"34":{"start":{"line":106,"column":31},"end":{"line":108,"column":27}},"35":{"start":{"line":109,"column":6},"end":{"line":109,"column":63}},"36":{"start":{"line":112,"column":4},"end":{"line":116,"column":6}},"37":{"start":{"line":128,"column":2},"end":{"line":130,"column":3}},"38":{"start":{"line":129,"column":4},"end":{"line":129,"column":69}},"39":{"start":{"line":132,"column":20},"end":{"line":132,"column":63}},"40":{"start":{"line":134,"column":2},"end":{"line":165,"column":3}},"41":{"start":{"line":136,"column":16},"end":{"line":136,"column":59}},"42":{"start":{"line":138,"column":26},"end":{"line":138,"column":53}},"43":{"start":{"line":140,"column":21},"end":{"line":149,"column":6}},"44":{"start":{"line":141,"column":22},"end":{"line":141,"column":44}},"45":{"start":{"line":142,"column":29},"end":{"line":142,"column":57}},"46":{"start":{"line":143,"column":26},"end":{"line":143,"column":65}},"47":{"start":{"line":145,"column":6},"end":{"line":148,"column":8}},"48":{"start":{"line":151,"column":4},"end":{"line":151,"column":32}},"49":{"start":{"line":157,"column":4},"end":{"line":157,"column":61}},"50":{"start":{"line":159,"column":4},"end":{"line":164,"column":6}},"51":{"start":{"line":160,"column":37},"end":{"line":163,"column":7}}},"fnMap":{"0":{"name":"normalizeSuggestionMap","decl":{"start":{"line":23,"column":9},"end":{"line":23,"column":31}},"loc":{"start":{"line":23,"column":37},"end":{"line":64,"column":1}},"line":23},"1":{"name":"normalizeSuggestionList","decl":{"start":{"line":77,"column":9},"end":{"line":77,"column":32}},"loc":{"start":{"line":77,"column":39},"end":{"line":118,"column":1}},"line":77},"2":{"name":"(anonymous_2)","decl":{"start":{"line":84,"column":18},"end":{"line":84,"column":19}},"loc":{"start":{"line":84,"column":25},"end":{"line":117,"column":3}},"line":84},"3":{"name":"suggestActions","decl":{"start":{"line":127,"column":22},"end":{"line":127,"column":36}},"loc":{"start":{"line":127,"column":45},"end":{"line":166,"column":1}},"line":127},"4":{"name":"(anonymous_4)","decl":{"start":{"line":140,"column":32},"end":{"line":140,"column":33}},"loc":{"start":{"line":140,"column":43},"end":{"line":149,"column":5}},"line":140},"5":{"name":"(anonymous_5)","decl":{"start":{"line":160,"column":25},"end":{"line":160,"column":26}},"loc":{"start":{"line":160,"column":37},"end":{"line":163,"column":7}},"line":160}},"branchMap":{"0":{"loc":{"start":{"line":24,"column":2},"end":{"line":26,"column":3}},"type":"if","locations":[{"start":{"line":24,"column":2},"end":{"line":26,"column":3}},{"start":{},"end":{}}],"line":24},"1":{"loc":{"start":{"line":30,"column":2},"end":{"line":47,"column":3}},"type":"if","locations":[{"start":{"line":30,"column":2},"end":{"line":47,"column":3}},{"start":{},"end":{}}],"line":30},"2":{"loc":{"start":{"line":34,"column":6},"end":{"line":34,"column":54}},"type":"if","locations":[{"start":{"line":34,"column":6},"end":{"line":34,"column":54}},{"start":{},"end":{}}],"line":34},"3":{"loc":{"start":{"line":34,"column":10},"end":{"line":34,"column":43}},"type":"binary-expr","locations":[{"start":{"line":34,"column":10},"end":{"line":34,"column":15}},{"start":{"line":34,"column":19},"end":{"line":34,"column":43}}],"line":34},"4":{"loc":{"start":{"line":36,"column":29},"end":{"line":36,"column":42}},"type":"binary-expr","locations":[{"start":{"line":36,"column":29},"end":{"line":36,"column":36}},{"start":{"line":36,"column":40},"end":{"line":36,"column":42}}],"line":36},"5":{"loc":{"start":{"line":37,"column":6},"end":{"line":37,"column":29}},"type":"if","locations":[{"start":{"line":37,"column":6},"end":{"line":37,"column":29}},{"start":{},"end":{}}],"line":37},"6":{"loc":{"start":{"line":39,"column":26},"end":{"line":41,"column":12}},"type":"cond-expr","locations":[{"start":{"line":40,"column":10},"end":{"line":40,"column":26}},{"start":{"line":41,"column":10},"end":{"line":41,"column":12}}],"line":39},"7":{"loc":{"start":{"line":49,"column":2},"end":{"line":57,"column":3}},"type":"if","locations":[{"start":{"line":49,"column":2},"end":{"line":57,"column":3}},{"start":{},"end":{}}],"line":49},"8":{"loc":{"start":{"line":50,"column":4},"end":{"line":54,"column":32}},"type":"binary-expr","locations":[{"start":{"line":50,"column":4},"end":{"line":50,"column":27}},{"start":{"line":51,"column":4},"end":{"line":51,"column":16}},{"start":{"line":52,"column":4},"end":{"line":52,"column":23}},{"start":{"line":53,"column":4},"end":{"line":53,"column":43}},{"start":{"line":54,"column":4},"end":{"line":54,"column":32}}],"line":50},"9":{"loc":{"start":{"line":59,"column":2},"end":{"line":61,"column":3}},"type":"if","locations":[{"start":{"line":59,"column":2},"end":{"line":61,"column":3}},{"start":{},"end":{}}],"line":59},"10":{"loc":{"start":{"line":59,"column":6},"end":{"line":59,"column":68}},"type":"binary-expr","locations":[{"start":{"line":59,"column":6},"end":{"line":59,"column":29}},{"start":{"line":59,"column":33},"end":{"line":59,"column":45}},{"start":{"line":59,"column":49},"end":{"line":59,"column":68}}],"line":59},"11":{"loc":{"start":{"line":78,"column":2},"end":{"line":80,"column":3}},"type":"if","locations":[{"start":{"line":78,"column":2},"end":{"line":80,"column":3}},{"start":{},"end":{}}],"line":78},"12":{"loc":{"start":{"line":85,"column":4},"end":{"line":101,"column":5}},"type":"if","locations":[{"start":{"line":85,"column":4},"end":{"line":101,"column":5}},{"start":{},"end":{}}],"line":85},"13":{"loc":{"start":{"line":88,"column":8},"end":{"line":95,"column":9}},"type":"if","locations":[{"start":{"line":88,"column":8},"end":{"line":95,"column":9}},{"start":{},"end":{}}],"line":88},"14":{"loc":{"start":{"line":88,"column":12},"end":{"line":88,"column":57}},"type":"binary-expr","locations":[{"start":{"line":88,"column":12},"end":{"line":88,"column":38}},{"start":{"line":88,"column":42},"end":{"line":88,"column":57}}],"line":88},"15":{"loc":{"start":{"line":89,"column":25},"end":{"line":89,"column":51}},"type":"binary-expr","locations":[{"start":{"line":89,"column":25},"end":{"line":89,"column":38}},{"start":{"line":89,"column":42},"end":{"line":89,"column":51}}],"line":89},"16":{"loc":{"start":{"line":90,"column":32},"end":{"line":90,"column":84}},"type":"binary-expr","locations":[{"start":{"line":90,"column":32},"end":{"line":90,"column":52}},{"start":{"line":90,"column":56},"end":{"line":90,"column":71}},{"start":{"line":90,"column":75},"end":{"line":90,"column":84}}],"line":90},"17":{"loc":{"start":{"line":91,"column":35},"end":{"line":93,"column":31}},"type":"cond-expr","locations":[{"start":{"line":92,"column":14},"end":{"line":92,"column":37}},{"start":{"line":93,"column":14},"end":{"line":93,"column":31}}],"line":91},"18":{"loc":{"start":{"line":103,"column":4},"end":{"line":110,"column":5}},"type":"if","locations":[{"start":{"line":103,"column":4},"end":{"line":110,"column":5}},{"start":{},"end":{}}],"line":103},"19":{"loc":{"start":{"line":103,"column":8},"end":{"line":103,"column":43}},"type":"binary-expr","locations":[{"start":{"line":103,"column":8},"end":{"line":103,"column":29}},{"start":{"line":103,"column":33},"end":{"line":103,"column":43}}],"line":103},"20":{"loc":{"start":{"line":104,"column":21},"end":{"line":104,"column":42}},"type":"binary-expr","locations":[{"start":{"line":104,"column":21},"end":{"line":104,"column":29}},{"start":{"line":104,"column":33},"end":{"line":104,"column":42}}],"line":104},"21":{"loc":{"start":{"line":105,"column":28},"end":{"line":105,"column":70}},"type":"binary-expr","locations":[{"start":{"line":105,"column":28},"end":{"line":105,"column":43}},{"start":{"line":105,"column":47},"end":{"line":105,"column":57}},{"start":{"line":105,"column":61},"end":{"line":105,"column":70}}],"line":105},"22":{"loc":{"start":{"line":106,"column":31},"end":{"line":108,"column":27}},"type":"cond-expr","locations":[{"start":{"line":107,"column":10},"end":{"line":107,"column":28}},{"start":{"line":108,"column":10},"end":{"line":108,"column":27}}],"line":106},"23":{"loc":{"start":{"line":128,"column":2},"end":{"line":130,"column":3}},"type":"if","locations":[{"start":{"line":128,"column":2},"end":{"line":130,"column":3}},{"start":{},"end":{}}],"line":128},"24":{"loc":{"start":{"line":132,"column":27},"end":{"line":132,"column":62}},"type":"binary-expr","locations":[{"start":{"line":132,"column":27},"end":{"line":132,"column":52}},{"start":{"line":132,"column":56},"end":{"line":132,"column":62}}],"line":132},"25":{"loc":{"start":{"line":141,"column":29},"end":{"line":141,"column":43}},"type":"binary-expr","locations":[{"start":{"line":141,"column":29},"end":{"line":141,"column":37}},{"start":{"line":141,"column":41},"end":{"line":141,"column":43}}],"line":141},"26":{"loc":{"start":{"line":142,"column":29},"end":{"line":142,"column":57}},"type":"binary-expr","locations":[{"start":{"line":142,"column":29},"end":{"line":142,"column":51}},{"start":{"line":142,"column":55},"end":{"line":142,"column":57}}],"line":142}},"s":{"0":2,"1":0,"2":2,"3":1,"4":1,"5":2,"6":0,"7":2,"8":2,"9":0,"10":2,"11":2,"12":1,"13":1,"14":1,"15":0,"16":0,"17":0,"18":4,"19":0,"20":4,"21":4,"22":6,"23":2,"24":2,"25":1,"26":1,"27":1,"28":1,"29":1,"30":1,"31":4,"32":3,"33":3,"34":3,"35":3,"36":1,"37":4,"38":1,"39":3,"40":3,"41":3,"42":2,"43":2,"44":4,"45":4,"46":4,"47":4,"48":2,"49":1,"50":1,"51":1},"f":{"0":2,"1":4,"2":6,"3":4,"4":4,"5":1},"b":{"0":[0,2],"1":[1,1],"2":[0,2],"3":[2,2],"4":[2,0],"5":[0,2],"6":[2,0],"7":[1,0],"8":[1,1,1,1,1],"9":[0,0],"10":[0,0,0],"11":[0,4],"12":[2,4],"13":[1,0],"14":[1,1],"15":[1,0],"16":[1,0,0],"17":[1,0],"18":[3,1],"19":[4,3],"20":[3,0],"21":[3,0,0],"22":[3,0],"23":[1,3],"24":[3,2],"25":[4,0],"26":[4,0]},"inputSourceMap":null,"_coverageSchema":"1a1c01bbd47fc00a2c39e90264f33305004495a9","hash":"5e53f524bfb78dc0541d472ec57214b05d291e4f"}
,"/Users/gil/Documents/email-cleaner/email-cleaner-fastify/src/utils/filters.js": {"path":"/Users/gil/Documents/email-cleaner/email-cleaner-fastify/src/utils/filters.js","statementMap":{"0":{"start":{"line":3,"column":10},"end":{"line":3,"column":12}},"1":{"start":{"line":4,"column":2},"end":{"line":4,"column":51}},"2":{"start":{"line":4,"column":33},"end":{"line":4,"column":51}},"3":{"start":{"line":5,"column":2},"end":{"line":5,"column":61}},"4":{"start":{"line":5,"column":24},"end":{"line":5,"column":61}},"5":{"start":{"line":6,"column":2},"end":{"line":6,"column":65}},"6":{"start":{"line":6,"column":25},"end":{"line":6,"column":65}},"7":{"start":{"line":8,"column":2},"end":{"line":8,"column":18}},"8":{"start":{"line":13,"column":17},"end":{"line":13,"column":19}},"9":{"start":{"line":14,"column":2},"end":{"line":22,"column":3}},"10":{"start":{"line":15,"column":21},"end":{"line":15,"column":81}},"11":{"start":{"line":16,"column":4},"end":{"line":21,"column":5}},"12":{"start":{"line":17,"column":28},"end":{"line":19,"column":7}},"13":{"start":{"line":18,"column":16},"end":{"line":18,"column":55}},"14":{"start":{"line":20,"column":6},"end":{"line":20,"column":42}},"15":{"start":{"line":20,"column":25},"end":{"line":20,"column":42}},"16":{"start":{"line":23,"column":2},"end":{"line":23,"column":16}}},"fnMap":{"0":{"name":"buildGmailQuery","decl":{"start":{"line":2,"column":16},"end":{"line":2,"column":31}},"loc":{"start":{"line":2,"column":41},"end":{"line":9,"column":1}},"line":2},"1":{"name":"filterByAttachment","decl":{"start":{"line":11,"column":22},"end":{"line":11,"column":40}},"loc":{"start":{"line":11,"column":64},"end":{"line":24,"column":1}},"line":11},"2":{"name":"(anonymous_2)","decl":{"start":{"line":18,"column":8},"end":{"line":18,"column":9}},"loc":{"start":{"line":18,"column":16},"end":{"line":18,"column":55}},"line":18}},"branchMap":{"0":{"loc":{"start":{"line":4,"column":2},"end":{"line":4,"column":51}},"type":"if","locations":[{"start":{"line":4,"column":2},"end":{"line":4,"column":51}},{"start":{},"end":{}}],"line":4},"1":{"loc":{"start":{"line":5,"column":2},"end":{"line":5,"column":61}},"type":"if","locations":[{"start":{"line":5,"column":2},"end":{"line":5,"column":61}},{"start":{},"end":{}}],"line":5},"2":{"loc":{"start":{"line":6,"column":2},"end":{"line":6,"column":65}},"type":"if","locations":[{"start":{"line":6,"column":2},"end":{"line":6,"column":65}},{"start":{},"end":{}}],"line":6},"3":{"loc":{"start":{"line":16,"column":4},"end":{"line":21,"column":5}},"type":"if","locations":[{"start":{"line":16,"column":4},"end":{"line":21,"column":5}},{"start":{},"end":{}}],"line":16},"4":{"loc":{"start":{"line":16,"column":8},"end":{"line":16,"column":42}},"type":"binary-expr","locations":[{"start":{"line":16,"column":8},"end":{"line":16,"column":20}},{"start":{"line":16,"column":24},"end":{"line":16,"column":42}}],"line":16},"5":{"loc":{"start":{"line":18,"column":16},"end":{"line":18,"column":55}},"type":"binary-expr","locations":[{"start":{"line":18,"column":16},"end":{"line":18,"column":29}},{"start":{"line":18,"column":33},"end":{"line":18,"column":55}}],"line":18},"6":{"loc":{"start":{"line":20,"column":6},"end":{"line":20,"column":42}},"type":"if","locations":[{"start":{"line":20,"column":6},"end":{"line":20,"column":42}},{"start":{},"end":{}}],"line":20}},"s":{"0":2,"1":2,"2":1,"3":2,"4":1,"5":2,"6":0,"7":2,"8":0,"9":0,"10":0,"11":0,"12":0,"13":0,"14":0,"15":0,"16":0},"f":{"0":2,"1":0,"2":0},"b":{"0":[1,1],"1":[1,1],"2":[0,2],"3":[0,0],"4":[0,0],"5":[0,0],"6":[0,0]},"inputSourceMap":null,"_coverageSchema":"1a1c01bbd47fc00a2c39e90264f33305004495a9","hash":"7ca52bdf2888ea40461d9027b719ec76d3a34b6a"}
}
