TN:
SF:src/commands/notification_events/recordNotificationEventCommand.js
FN:3,recordNotificationEventCommand
FN:7,(anonymous_1)
FNF:2
FNH:2
FNDA:2,recordNotificationEventCommand
FNDA:2,(anonymous_1)
DA:4,2
DA:6,2
DA:8,2
DA:9,0
DA:12,2
DA:14,2
DA:19,2
LF:7
LH:6
BRDA:8,0,0,0
BRDA:8,0,1,2
BRDA:8,1,0,2
BRDA:8,1,1,2
BRF:4
BRH:3
end_of_record
TN:
SF:src/commands/notifications/confirmActionCommand.js
FN:4,confirmActionCommand
FN:9,(anonymous_1)
FNF:2
FNH:2
FNDA:1,confirmActionCommand
FNDA:1,(anonymous_1)
DA:5,1
DA:8,1
DA:9,1
DA:18,1
DA:19,1
DA:20,1
DA:24,1
DA:26,1
LF:8
LH:8
BRDA:18,0,0,1
BRDA:18,0,1,0
BRF:2
BRH:1
end_of_record
TN:
SF:src/events/eventBus.js
FN:11,createEventBus
FN:15,subscribe
FN:28,(anonymous_2)
FN:38,publish
FN:58,clear
FNF:5
FNH:1
FNDA:4,createEventBus
FNDA:0,subscribe
FNDA:0,(anonymous_2)
FNDA:0,publish
FNDA:0,clear
DA:13,4
DA:16,0
DA:17,0
DA:20,0
DA:21,0
DA:24,0
DA:25,0
DA:28,0
DA:29,0
DA:30,0
DA:31,0
DA:32,0
DA:33,0
DA:39,0
DA:40,0
DA:41,0
DA:42,0
DA:46,0
DA:47,0
DA:48,0
DA:50,0
DA:59,0
DA:60,0
DA:61,0
DA:63,0
DA:66,4
DA:77,4
DA:90,4
LF:28
LH:4
BRDA:11,0,0,4
BRDA:16,1,0,0
BRDA:16,1,1,0
BRDA:16,2,0,0
BRDA:16,2,1,0
BRDA:20,3,0,0
BRDA:20,3,1,0
BRDA:30,4,0,0
BRDA:30,4,1,0
BRDA:32,5,0,0
BRDA:32,5,1,0
BRDA:40,6,0,0
BRDA:40,6,1,0
BRDA:40,7,0,0
BRDA:40,7,1,0
BRDA:59,8,0,0
BRDA:59,8,1,0
BRF:17
BRH:1
end_of_record
TN:
SF:src/events/builders/confirmedSuggestionEvent.builder.js
FN:8,buildConfirmedSuggestionEvent
FN:14,(anonymous_1)
FNF:2
FNH:2
FNDA:1,buildConfirmedSuggestionEvent
FNDA:1,(anonymous_1)
DA:9,1
DA:10,0
DA:13,1
DA:14,1
DA:16,1
DA:18,1
LF:6
LH:5
BRDA:8,0,0,0
BRDA:9,1,0,0
BRDA:9,1,1,1
BRDA:9,2,0,1
BRDA:9,2,1,1
BRDA:13,3,0,1
BRDA:13,3,1,0
BRDA:21,4,0,1
BRDA:21,4,1,0
BRDA:25,5,0,1
BRDA:25,5,1,0
BRF:11
BRH:6
end_of_record
TN:
SF:src/events/builders/newSuggestionsEvent.builder.js
FN:46,buildNewSuggestionsEvent
FN:57,(anonymous_1)
FN:66,(anonymous_2)
FNF:3
FNH:3
FNDA:4,buildNewSuggestionsEvent
FNDA:6,(anonymous_1)
FNDA:6,(anonymous_2)
DA:48,4
DA:49,1
DA:52,3
DA:53,3
DA:56,3
DA:58,6
DA:64,3
DA:66,6
DA:74,3
LF:9
LH:9
BRDA:48,0,0,1
BRDA:48,0,1,3
BRDA:48,1,0,4
BRDA:48,1,1,3
BRDA:52,2,0,3
BRDA:52,2,1,0
BRDA:58,3,0,6
BRDA:58,3,1,0
BRDA:67,4,0,6
BRDA:67,4,1,0
BRDA:67,4,2,0
BRDA:68,5,0,6
BRDA:68,5,1,0
BRDA:69,6,0,6
BRDA:69,6,1,0
BRF:15
BRH:9
end_of_record
TN:
SF:src/events/listeners/debugLogEvent.js
FN:3,makeDebugLogEventListener
FN:4,debugLogEvent
FNF:2
FNH:2
FNDA:2,makeDebugLogEventListener
FNDA:1,debugLogEvent
DA:4,2
DA:5,1
LF:2
LH:2
BRF:0
BRH:0
end_of_record
TN:
SF:src/events/listeners/saveToNotificationEvent.js
FN:19,makeSaveToNotificationEventListener
FN:22,saveToNotificationEvent
FNF:2
FNH:2
FNDA:2,makeSaveToNotificationEventListener
FNDA:2,saveToNotificationEvent
DA:20,2
DA:22,2
DA:23,2
DA:24,2
DA:25,2
DA:27,2
DA:28,0
DA:29,0
DA:32,2
DA:33,0
DA:34,0
DA:37,2
DA:45,2
LF:13
LH:9
BRDA:27,0,0,0
BRDA:27,0,1,2
BRDA:27,1,0,2
BRDA:27,1,1,2
BRDA:32,2,0,0
BRDA:32,2,1,2
BRF:6
BRH:4
end_of_record
TN:
SF:src/events/listeners/sendWebhookToN8NEvent.js
FN:1,makeSendWebhookToN8NEvent
FN:2,sendWebhookToN8NEvent
FNF:2
FNH:2
FNDA:2,makeSendWebhookToN8NEvent
FNDA:1,sendWebhookToN8NEvent
DA:2,2
DA:4,1
LF:2
LH:2
BRF:0
BRH:0
end_of_record
TN:
SF:src/events/subscribers/registerNotificationEventListeners.js
FN:13,registerNotificationEventListeners
FNF:1
FNH:1
FNDA:2,registerNotificationEventListeners
DA:14,2
DA:19,2
DA:21,2
DA:26,2
DA:27,2
DA:28,2
DA:29,2
DA:30,2
LF:8
LH:8
BRF:0
BRH:0
end_of_record
TN:
SF:src/middlewares/authMiddleware.js
FN:2,(anonymous_0)
FNF:1
FNH:1
FNDA:14,(anonymous_0)
DA:3,14
DA:4,14
DA:5,7
DA:6,7
DA:9,7
DA:10,7
LF:6
LH:6
BRDA:3,0,0,14
BRDA:3,0,1,7
BRDA:4,1,0,7
BRDA:4,1,1,7
BRDA:4,2,0,14
BRDA:4,2,1,7
BRF:6
BRH:6
end_of_record
TN:
SF:src/queries/notifications/getNotificationSummaryForUser.js
FN:15,getNotificationSummaryForUser
FNF:1
FNH:1
FNDA:1,getNotificationSummaryForUser
DA:19,1
LF:1
LH:1
BRF:0
BRH:0
end_of_record
TN:
SF:src/queries/notifications/index.js
FNF:0
FNH:0
LF:0
LH:0
BRF:0
BRH:0
end_of_record
TN:
SF:src/routes/emailRoutes.js
FN:5,(anonymous_0)
FNF:1
FNH:1
FNDA:1,(anonymous_0)
DA:7,1
DA:25,1
LF:2
LH:2
BRF:0
BRH:0
end_of_record
TN:
SF:src/routes/notificationsRoutes.js
FN:7,(anonymous_0)
FNF:1
FNH:1
FNDA:1,(anonymous_0)
DA:9,1
DA:36,1
DA:48,1
DA:61,1
DA:72,1
DA:84,1
DA:96,1
DA:108,1
DA:131,1
DA:147,1
DA:168,1
LF:11
LH:11
BRF:0
BRH:0
end_of_record
TN:
SF:src/routes/suggestionRoutes.js
FN:31,(anonymous_0)
FNF:1
FNH:1
FNDA:1,(anonymous_0)
DA:5,1
DA:33,1
DA:34,1
DA:37,1
LF:4
LH:4
BRDA:33,0,0,1
BRDA:33,0,1,0
BRF:2
BRH:1
end_of_record
TN:
SF:src/services/actionExecutor.js
FN:2,executeGmailAction
FNF:1
FNH:1
FNDA:1,executeGmailAction
DA:5,1
LF:1
LH:1
BRF:0
BRH:0
end_of_record
TN:
SF:src/services/gmailService.js
FN:4,(anonymous_0)
FN:17,(anonymous_1)
FN:30,(anonymous_2)
FN:48,(anonymous_3)
FN:62,(anonymous_4)
FN:73,(anonymous_5)
FN:78,detectCategoryFromLabels
FN:98,(anonymous_7)
FNF:8
FNH:7
FNDA:1,(anonymous_0)
FNDA:1,(anonymous_1)
FNDA:0,(anonymous_2)
FNDA:1,(anonymous_3)
FNDA:1,(anonymous_4)
FNDA:3,(anonymous_5)
FNDA:2,detectCategoryFromLabels
FNDA:2,(anonymous_7)
DA:5,1
DA:18,1
DA:20,1
DA:26,1
DA:27,1
DA:31,0
DA:38,0
DA:39,0
DA:41,0
DA:49,1
DA:50,1
DA:51,1
DA:53,1
DA:54,1
DA:55,1
DA:56,1
DA:57,1
DA:59,1
DA:64,1
DA:65,1
DA:66,2
DA:72,2
DA:73,2
DA:74,3
DA:75,3
DA:79,2
DA:80,1
DA:81,1
DA:82,1
DA:83,1
DA:84,0
DA:86,2
DA:98,2
DA:102,1
LF:34
LH:29
BRDA:23,0,0,1
BRDA:23,0,1,0
BRDA:26,1,0,1
BRDA:26,1,1,0
BRDA:33,2,0,0
BRDA:33,2,1,0
BRDA:35,3,0,0
BRDA:35,3,1,0
BRDA:38,4,0,0
BRDA:38,4,1,0
BRDA:43,5,0,0
BRDA:43,5,1,0
BRDA:44,6,0,0
BRDA:44,6,1,0
BRDA:50,7,0,1
BRDA:50,7,1,0
BRDA:51,8,0,1
BRDA:51,8,1,0
BRDA:53,9,0,1
BRDA:53,9,1,0
BRDA:54,10,0,1
BRDA:54,10,1,0
BRDA:55,11,0,1
BRDA:55,11,1,0
BRDA:56,12,0,1
BRDA:56,12,1,0
BRDA:57,13,0,1
BRDA:57,13,1,0
BRDA:59,14,0,1
BRDA:59,14,1,0
BRDA:72,15,0,2
BRDA:72,15,1,0
BRDA:73,16,0,2
BRDA:73,16,1,0
BRDA:79,17,0,1
BRDA:79,17,1,1
BRDA:80,18,0,0
BRDA:80,18,1,1
BRDA:81,19,0,0
BRDA:81,19,1,1
BRDA:82,20,0,0
BRDA:82,20,1,1
BRDA:83,21,0,1
BRDA:83,21,1,0
BRDA:88,22,0,2
BRDA:88,22,1,1
BRDA:89,23,0,2
BRDA:89,23,1,1
BRDA:90,24,0,2
BRDA:90,24,1,1
BRDA:91,25,0,2
BRDA:91,25,1,0
BRDA:93,26,0,2
BRDA:93,26,1,0
BRDA:94,27,0,2
BRDA:94,27,1,0
BRDA:98,28,0,2
BRDA:98,28,1,0
BRDA:98,29,0,2
BRDA:98,29,1,1
BRF:60
BRH:30
end_of_record
TN:
SF:src/services/googleAuthService.js
FN:8,createOAuth2Client
FN:20,createGmailClientFromToken
FN:49,getGmailClientForUser
FNF:3
FNH:3
FNDA:3,createOAuth2Client
FNDA:3,createGmailClientFromToken
FNDA:2,getGmailClientForUser
DA:9,3
DA:10,3
DA:11,3
DA:13,3
DA:21,3
DA:22,1
DA:25,2
DA:27,2
DA:36,2
DA:50,2
DA:51,0
DA:54,2
DA:55,0
DA:58,2
DA:59,2
DA:61,2
DA:62,1
DA:65,1
LF:18
LH:16
BRDA:21,0,0,1
BRDA:21,0,1,2
BRDA:31,1,0,2
BRDA:31,1,1,0
BRDA:50,2,0,0
BRDA:50,2,1,2
BRDA:50,3,0,2
BRDA:50,3,1,2
BRDA:50,3,2,2
BRDA:54,4,0,0
BRDA:54,4,1,2
BRDA:61,5,0,1
BRDA:61,5,1,1
BRF:13
BRH:10
end_of_record
TN:
SF:src/services/mlClient.js
FN:30,buildMlUrl
FN:47,postJson
FN:52,(anonymous_2)
FN:120,classifyEmails
FNF:4
FNH:3
FNDA:9,buildMlUrl
FNDA:7,postJson
FNDA:0,(anonymous_2)
FNDA:3,classifyEmails
DA:16,8
DA:21,8
DA:31,9
DA:32,9
DA:33,9
DA:48,7
DA:49,7
DA:51,7
DA:52,7
DA:54,7
DA:55,7
DA:64,4
DA:66,2
DA:67,2
DA:68,2
DA:73,2
DA:74,2
DA:75,2
DA:76,2
DA:77,2
DA:81,2
DA:84,5
DA:85,1
DA:86,1
DA:87,1
DA:88,1
DA:92,4
DA:93,2
DA:97,2
DA:98,2
DA:99,2
DA:100,2
DA:102,7
DA:121,3
DA:122,2
DA:125,1
DA:126,1
DA:128,1
LF:38
LH:38
BRDA:16,0,0,8
BRDA:16,0,1,1
BRDA:21,1,0,8
BRDA:21,1,1,7
BRDA:32,2,0,8
BRDA:32,2,1,1
BRDA:47,3,0,5
BRDA:48,4,0,7
BRDA:48,4,1,6
BRDA:64,5,0,2
BRDA:64,5,1,2
BRDA:84,6,0,1
BRDA:84,6,1,4
BRDA:92,7,0,2
BRDA:92,7,1,2
BRDA:120,8,0,3
BRDA:121,9,0,2
BRDA:121,9,1,1
BRDA:125,10,0,1
BRDA:125,10,1,1
BRF:20
BRH:20
end_of_record
TN:
SF:src/services/notificationEventsService.js
FN:3,(anonymous_0)
FN:7,(anonymous_1)
FN:15,(anonymous_2)
FN:41,(anonymous_3)
FNF:4
FNH:3
FNDA:1,(anonymous_0)
FNDA:0,(anonymous_1)
FNDA:1,(anonymous_2)
FNDA:1,(anonymous_3)
DA:3,1
DA:8,0
DA:9,0
DA:16,1
DA:17,1
DA:18,0
DA:21,1
DA:22,1
DA:23,1
DA:25,1
DA:26,1
DA:27,1
DA:28,1
DA:30,1
DA:37,1
DA:41,1
LF:16
LH:13
BRDA:15,0,0,0
BRDA:15,1,0,0
BRDA:15,2,0,0
BRDA:17,3,0,0
BRDA:17,3,1,1
BRDA:22,4,0,1
BRDA:22,4,1,0
BRDA:23,5,0,1
BRDA:23,5,1,0
BRDA:25,6,0,1
BRDA:25,6,1,0
BRDA:26,7,0,1
BRDA:26,7,1,0
BRDA:41,8,0,1
BRDA:41,8,1,0
BRF:15
BRH:6
end_of_record
TN:
SF:src/services/notificationsService.js
FN:8,(anonymous_0)
FN:17,(anonymous_1)
FN:35,(anonymous_2)
FN:73,(anonymous_3)
FNF:4
FNH:4
FNDA:3,(anonymous_0)
FNDA:1,(anonymous_1)
FNDA:1,(anonymous_2)
FNDA:1,(anonymous_3)
DA:8,3
DA:19,1
DA:25,1
DA:26,1
DA:27,1
DA:31,1
DA:36,1
DA:38,1
DA:39,1
DA:41,1
DA:42,1
DA:45,1
DA:57,1
DA:66,1
DA:74,1
LF:15
LH:15
BRDA:17,0,0,0
BRDA:17,1,0,0
BRDA:25,2,0,1
BRDA:25,2,1,0
BRDA:25,3,0,1
BRDA:25,3,1,1
BRDA:25,3,2,1
BRDA:41,4,0,1
BRDA:41,4,1,0
BRDA:52,5,0,1
BRDA:52,5,1,0
BRF:11
BRH:6
end_of_record
TN:
SF:src/services/suggestionService.js
FN:23,normalizeSuggestionMap
FN:77,normalizeSuggestionList
FN:84,(anonymous_2)
FN:127,suggestActions
FN:140,(anonymous_4)
FN:160,(anonymous_5)
FNF:6
FNH:6
FNDA:2,normalizeSuggestionMap
FNDA:4,normalizeSuggestionList
FNDA:6,(anonymous_2)
FNDA:4,suggestActions
FNDA:4,(anonymous_4)
FNDA:1,(anonymous_5)
DA:24,2
DA:25,0
DA:30,2
DA:31,1
DA:33,1
DA:34,2
DA:36,2
DA:37,2
DA:39,2
DA:43,2
DA:46,1
DA:49,1
DA:56,1
DA:59,0
DA:60,0
DA:63,0
DA:78,4
DA:79,0
DA:82,4
DA:84,4
DA:85,6
DA:86,2
DA:87,2
DA:88,1
DA:89,1
DA:90,1
DA:91,1
DA:94,1
DA:100,1
DA:103,4
DA:104,3
DA:105,3
DA:106,3
DA:109,3
DA:112,1
DA:128,4
DA:129,1
DA:132,3
DA:134,3
DA:136,3
DA:138,2
DA:140,2
DA:141,4
DA:142,4
DA:143,4
DA:145,4
DA:151,2
DA:157,1
DA:159,1
DA:160,1
LF:50
LH:45
BRDA:24,0,0,0
BRDA:24,0,1,2
BRDA:30,1,0,1
BRDA:30,1,1,1
BRDA:34,2,0,0
BRDA:34,2,1,2
BRDA:34,3,0,2
BRDA:34,3,1,2
BRDA:36,4,0,2
BRDA:36,4,1,0
BRDA:37,5,0,0
BRDA:37,5,1,2
BRDA:39,6,0,2
BRDA:39,6,1,0
BRDA:49,7,0,1
BRDA:49,7,1,0
BRDA:50,8,0,1
BRDA:50,8,1,1
BRDA:50,8,2,1
BRDA:50,8,3,1
BRDA:50,8,4,1
BRDA:59,9,0,0
BRDA:59,9,1,0
BRDA:59,10,0,0
BRDA:59,10,1,0
BRDA:59,10,2,0
BRDA:78,11,0,0
BRDA:78,11,1,4
BRDA:85,12,0,2
BRDA:85,12,1,4
BRDA:88,13,0,1
BRDA:88,13,1,0
BRDA:88,14,0,1
BRDA:88,14,1,1
BRDA:89,15,0,1
BRDA:89,15,1,0
BRDA:90,16,0,1
BRDA:90,16,1,0
BRDA:90,16,2,0
BRDA:91,17,0,1
BRDA:91,17,1,0
BRDA:103,18,0,3
BRDA:103,18,1,1
BRDA:103,19,0,4
BRDA:103,19,1,3
BRDA:104,20,0,3
BRDA:104,20,1,0
BRDA:105,21,0,3
BRDA:105,21,1,0
BRDA:105,21,2,0
BRDA:106,22,0,3
BRDA:106,22,1,0
BRDA:128,23,0,1
BRDA:128,23,1,3
BRDA:132,24,0,3
BRDA:132,24,1,2
BRDA:141,25,0,4
BRDA:141,25,1,0
BRDA:142,26,0,4
BRDA:142,26,1,0
BRF:60
BRH:37
end_of_record
TN:
SF:src/utils/filters.js
FN:2,buildGmailQuery
FN:11,filterByAttachment
FN:18,(anonymous_2)
FNF:3
FNH:1
FNDA:2,buildGmailQuery
FNDA:0,filterByAttachment
FNDA:0,(anonymous_2)
DA:3,2
DA:4,2
DA:5,2
DA:6,2
DA:8,2
DA:13,0
DA:14,0
DA:15,0
DA:16,0
DA:17,0
DA:18,0
DA:20,0
DA:23,0
LF:13
LH:5
BRDA:4,0,0,1
BRDA:4,0,1,1
BRDA:5,1,0,1
BRDA:5,1,1,1
BRDA:6,2,0,0
BRDA:6,2,1,2
BRDA:16,3,0,0
BRDA:16,3,1,0
BRDA:16,4,0,0
BRDA:16,4,1,0
BRDA:18,5,0,0
BRDA:18,5,1,0
BRDA:20,6,0,0
BRDA:20,6,1,0
BRF:14
BRH:5
end_of_record
